Using pre-set license
Built from '2020.3/staging' branch; Version is '2020.3.30f1 (1fb1bf06830e) revision 2077119'; Using compiler version '192528614'; Build Type 'Release'
OS: 'Windows 10  (10.0.19044) 64bit Professional' Language: 'en' Physical Memory: 32198 MB
BatchMode: 1, IsHumanControllingUs: 0, StartBugReporterOnCrash: 0, Is64bit: 1, IsPro: 0

COMMAND LINE ARGUMENTS:
C:\Program Files\Unity\Hub\Editor\2020.3.30f1\Editor\Unity.exe
-adb2
-batchMode
-noUpm
-name
AssetImportWorker0
-projectPath
C:/Users/Dakota Buckner/Desktop/Classes/Quarter 10/ProjInExistingCode/Overhead
-logFile
Logs/AssetImportWorker0.log
-srvPort
64918
Successfully changed project path to: C:/Users/Dakota Buckner/Desktop/Classes/Quarter 10/ProjInExistingCode/Overhead
C:/Users/Dakota Buckner/Desktop/Classes/Quarter 10/ProjInExistingCode/Overhead
Using Asset Import Pipeline V2.
Refreshing native plugins compatible for Editor in 67.29 ms, found 2 plugins.
Preloading 0 native plugins for Editor in 0.00 ms.
Initialize engine version: 2020.3.30f1 (1fb1bf06830e)
[Subsystems] Discovering subsystems at path C:/Program Files/Unity/Hub/Editor/2020.3.30f1/Editor/Data/Resources/UnitySubsystems
[Subsystems] Discovering subsystems at path C:/Users/Dakota Buckner/Desktop/Classes/Quarter 10/ProjInExistingCode/Overhead/Assets
GfxDevice: creating device client; threaded=0
Direct3D:
    Version:  Direct3D 11.0 [level 11.1]
    Renderer: NVIDIA Quadro T2000 (ID=0x1fb8)
    Vendor:   
    VRAM:     3962 MB
    Driver:   30.0.14.7234
Initialize mono
Mono path[0] = 'C:/Program Files/Unity/Hub/Editor/2020.3.30f1/Editor/Data/Managed'
Mono path[1] = 'C:/Program Files/Unity/Hub/Editor/2020.3.30f1/Editor/Data/MonoBleedingEdge/lib/mono/unityjit'
Mono config path = 'C:/Program Files/Unity/Hub/Editor/2020.3.30f1/Editor/Data/MonoBleedingEdge/etc'
Using monoOptions --debugger-agent=transport=dt_socket,embedding=1,server=y,suspend=n,address=127.0.0.1:56900
Begin MonoManager ReloadAssembly
Registering precompiled unity dll's ...
Register platform support module: C:/Program Files/Unity/Hub/Editor/2020.3.30f1/Editor/Data/PlaybackEngines/WindowsStandaloneSupport/UnityEditor.WindowsStandalone.Extensions.dll
Registered in 0.002148 seconds.
Native extension for WindowsStandalone target not found
Refreshing native plugins compatible for Editor in 88.62 ms, found 2 plugins.
Preloading 0 native plugins for Editor in 0.00 ms.
Mono: successfully reloaded assembly
- Completed reload, in  0.722 seconds
Domain Reload Profiling:
	ReloadAssembly (723ms)
		BeginReloadAssembly (67ms)
			ExecutionOrderSort (0ms)
			DisableScriptedObjects (0ms)
			BackupInstance (0ms)
			ReleaseScriptingObjects (0ms)
			CreateAndSetChildDomain (1ms)
		EndReloadAssembly (586ms)
			LoadAssemblies (64ms)
			RebuildTransferFunctionScriptingTraits (0ms)
			SetupTypeCache (156ms)
			ReleaseScriptCaches (0ms)
			RebuildScriptCaches (30ms)
			SetupLoadedEditorAssemblies (293ms)
				LogAssemblyErrors (0ms)
				InitializePlatformSupportModulesInManaged (4ms)
				SetLoadedEditorAssemblies (0ms)
				RefreshPlugins (89ms)
				BeforeProcessingInitializeOnLoad (38ms)
				ProcessInitializeOnLoadAttributes (123ms)
				ProcessInitializeOnLoadMethodAttributes (39ms)
				AfterProcessingInitializeOnLoad (0ms)
				EditorAssembliesLoaded (0ms)
			ExecutionOrderSort2 (0ms)
			AwakeInstancesAfterBackupRestoration (0ms)
Platform modules already initialized, skipping
Registering precompiled user dll's ...
Registered in 0.008273 seconds.
Begin MonoManager ReloadAssembly
Native extension for WindowsStandalone target not found
Refreshing native plugins compatible for Editor in 1.00 ms, found 2 plugins.
Preloading 0 native plugins for Editor in 0.00 ms.
Mono: successfully reloaded assembly
- Completed reload, in  2.886 seconds
Domain Reload Profiling:
	ReloadAssembly (2888ms)
		BeginReloadAssembly (568ms)
			ExecutionOrderSort (0ms)
			DisableScriptedObjects (21ms)
			BackupInstance (0ms)
			ReleaseScriptingObjects (0ms)
			CreateAndSetChildDomain (58ms)
		EndReloadAssembly (2130ms)
			LoadAssemblies (333ms)
			RebuildTransferFunctionScriptingTraits (0ms)
			SetupTypeCache (867ms)
			ReleaseScriptCaches (1ms)
			RebuildScriptCaches (110ms)
			SetupLoadedEditorAssemblies (573ms)
				LogAssemblyErrors (0ms)
				InitializePlatformSupportModulesInManaged (6ms)
				SetLoadedEditorAssemblies (1ms)
				RefreshPlugins (1ms)
				BeforeProcessingInitializeOnLoad (223ms)
				ProcessInitializeOnLoadAttributes (282ms)
				ProcessInitializeOnLoadMethodAttributes (51ms)
				AfterProcessingInitializeOnLoad (9ms)
				EditorAssembliesLoaded (0ms)
			ExecutionOrderSort2 (0ms)
			AwakeInstancesAfterBackupRestoration (7ms)
Platform modules already initialized, skipping
========================================================================
Worker process is ready to serve import requests
Launched and connected shader compiler UnityShaderCompiler.exe after 0.05 seconds
Refreshing native plugins compatible for Editor in 0.76 ms, found 2 plugins.
Preloading 0 native plugins for Editor in 0.00 ms.
Unloading 2364 Unused Serialized files (Serialized files now loaded: 0)
System memory in use before: 100.8 MB.
System memory in use after: 101.0 MB.

Unloading 55 unused Assets to reduce memory usage. Loaded Objects now: 2772.
Total: 6.937000 ms (FindLiveObjects: 0.159400 ms CreateObjectMapping: 0.088300 ms MarkObjects: 6.587700 ms  DeleteObjects: 0.100500 ms)

AssetImportParameters requested are different than current active one (requested -> active):
  custom:framework-win-MediaFoundation: 216162199b28c13a410421893ffa2e32 -> 
  custom:video-decoder-ogg-theora: a1e56fd34408186e4bbccfd4996cb3dc -> 
  custom:container-muxer-webm: aa71ff27fc2769a1b78a27578f13a17b -> 
  custom:container-demuxer-webm: 4f35f7cbe854078d1ac9338744f61a02 -> 
  custom:container-demuxer-ogg: 62fdf1f143b41e24485cea50d1cbac27 -> 
  custom:video-encoder-webm-vp8: eb34c28f22e8b96e1ab97ce403110664 -> 
  custom:video-decoder-webm-vp8: 9c59270c3fd7afecdb556c50c9e8de78 -> 
  custom:audio-decoder-ogg-vorbis: bf7c407c2cedff20999df2af8eb42d56 -> 
  custom:audio-encoder-webm-vorbis: bf7c407c2cedff20999df2af8eb42d56 -> 
========================================================================
Received Import Request.
  path: Assets/scenes/MainMenu.unity
  artifactKey: Guid(aaa4948b7a35c3e4dbfbeec6ff1e7a1d) Importer(815301076,1909f56bfc062723c751e8b465ee728b)
Start importing Assets/scenes/MainMenu.unity using Guid(aaa4948b7a35c3e4dbfbeec6ff1e7a1d) Importer(815301076,1909f56bfc062723c751e8b465ee728b)  -> (artifact id: '57cf46c2b009c8cb318050371e099d24') in 0.024436 seconds 
========================================================================
Received Import Request.
  Time since last request: 66.387286 seconds.
  path: Assets/scripts/WaveSpawner.cs
  artifactKey: Guid(ef78957d5fe724a39b9819c1c73e2f18) Importer(815301076,1909f56bfc062723c751e8b465ee728b)
Start importing Assets/scripts/WaveSpawner.cs using Guid(ef78957d5fe724a39b9819c1c73e2f18) Importer(815301076,1909f56bfc062723c751e8b465ee728b)  -> (artifact id: 'bde278985339fddbcf812e5f41a99eef') in 0.037074 seconds 
========================================================================
Received Prepare
Registering precompiled user dll's ...
Registered in 0.005265 seconds.
Begin MonoManager ReloadAssembly
Native extension for WindowsStandalone target not found
Refreshing native plugins compatible for Editor in 2.61 ms, found 2 plugins.
Preloading 0 native plugins for Editor in 0.00 ms.
Mono: successfully reloaded assembly
- Completed reload, in  2.930 seconds
Domain Reload Profiling:
	ReloadAssembly (2932ms)
		BeginReloadAssembly (234ms)
			ExecutionOrderSort (0ms)
			DisableScriptedObjects (22ms)
			BackupInstance (0ms)
			ReleaseScriptingObjects (0ms)
			CreateAndSetChildDomain (70ms)
		EndReloadAssembly (2605ms)
			LoadAssemblies (148ms)
			RebuildTransferFunctionScriptingTraits (0ms)
			SetupTypeCache (914ms)
			ReleaseScriptCaches (2ms)
			RebuildScriptCaches (146ms)
			SetupLoadedEditorAssemblies (1080ms)
				LogAssemblyErrors (0ms)
				InitializePlatformSupportModulesInManaged (17ms)
				SetLoadedEditorAssemblies (2ms)
				RefreshPlugins (3ms)
				BeforeProcessingInitializeOnLoad (295ms)
				ProcessInitializeOnLoadAttributes (624ms)
				ProcessInitializeOnLoadMethodAttributes (116ms)
				AfterProcessingInitializeOnLoad (23ms)
				EditorAssembliesLoaded (1ms)
			ExecutionOrderSort2 (0ms)
			AwakeInstancesAfterBackupRestoration (15ms)
Platform modules already initialized, skipping
Refreshing native plugins compatible for Editor in 1.71 ms, found 2 plugins.
Preloading 0 native plugins for Editor in 0.00 ms.
Unloading 2315 Unused Serialized files (Serialized files now loaded: 0)
System memory in use before: 96.4 MB.
System memory in use after: 96.6 MB.

Unloading 46 unused Assets to reduce memory usage. Loaded Objects now: 2774.
Total: 14.378100 ms (FindLiveObjects: 0.324000 ms CreateObjectMapping: 0.227200 ms MarkObjects: 13.748600 ms  DeleteObjects: 0.076200 ms)

AssetImportParameters requested are different than current active one (requested -> active):
  custom:framework-win-MediaFoundation: 216162199b28c13a410421893ffa2e32 -> 
  custom:video-decoder-ogg-theora: a1e56fd34408186e4bbccfd4996cb3dc -> 
  custom:container-muxer-webm: aa71ff27fc2769a1b78a27578f13a17b -> 
  custom:container-demuxer-webm: 4f35f7cbe854078d1ac9338744f61a02 -> 
  custom:container-demuxer-ogg: 62fdf1f143b41e24485cea50d1cbac27 -> 
  custom:video-encoder-webm-vp8: eb34c28f22e8b96e1ab97ce403110664 -> 
  custom:video-decoder-webm-vp8: 9c59270c3fd7afecdb556c50c9e8de78 -> 
  custom:audio-decoder-ogg-vorbis: bf7c407c2cedff20999df2af8eb42d56 -> 
  custom:audio-encoder-webm-vorbis: bf7c407c2cedff20999df2af8eb42d56 -> 
========================================================================
Received Import Request.
  Time since last request: 57.713751 seconds.
  path: Assets/scripts/WaveSpawner.cs
  artifactKey: Guid(ef78957d5fe724a39b9819c1c73e2f18) Importer(815301076,1909f56bfc062723c751e8b465ee728b)
Start importing Assets/scripts/WaveSpawner.cs using Guid(ef78957d5fe724a39b9819c1c73e2f18) Importer(815301076,1909f56bfc062723c751e8b465ee728b)  -> (artifact id: '75618699737381fdf5aab137d67dc5ed') in 0.014470 seconds 
========================================================================
Received Prepare
Registering precompiled user dll's ...
Registered in 0.005449 seconds.
Begin MonoManager ReloadAssembly
Native extension for WindowsStandalone target not found
Refreshing native plugins compatible for Editor in 1.33 ms, found 2 plugins.
Preloading 0 native plugins for Editor in 0.00 ms.
Mono: successfully reloaded assembly
- Completed reload, in  3.001 seconds
Domain Reload Profiling:
	ReloadAssembly (3002ms)
		BeginReloadAssembly (264ms)
			ExecutionOrderSort (0ms)
			DisableScriptedObjects (21ms)
			BackupInstance (0ms)
			ReleaseScriptingObjects (0ms)
			CreateAndSetChildDomain (92ms)
		EndReloadAssembly (2668ms)
			LoadAssemblies (162ms)
			RebuildTransferFunctionScriptingTraits (0ms)
			SetupTypeCache (897ms)
			ReleaseScriptCaches (2ms)
			RebuildScriptCaches (103ms)
			SetupLoadedEditorAssemblies (1083ms)
				LogAssemblyErrors (0ms)
				InitializePlatformSupportModulesInManaged (13ms)
				SetLoadedEditorAssemblies (1ms)
				RefreshPlugins (2ms)
				BeforeProcessingInitializeOnLoad (279ms)
				ProcessInitializeOnLoadAttributes (657ms)
				ProcessInitializeOnLoadMethodAttributes (103ms)
				AfterProcessingInitializeOnLoad (27ms)
				EditorAssembliesLoaded (1ms)
			ExecutionOrderSort2 (0ms)
			AwakeInstancesAfterBackupRestoration (34ms)
Platform modules already initialized, skipping
Refreshing native plugins compatible for Editor in 1.59 ms, found 2 plugins.
Preloading 0 native plugins for Editor in 0.00 ms.
Unloading 2315 Unused Serialized files (Serialized files now loaded: 0)
System memory in use before: 96.4 MB.
System memory in use after: 96.7 MB.

Unloading 46 unused Assets to reduce memory usage. Loaded Objects now: 2776.
Total: 8.418100 ms (FindLiveObjects: 0.200400 ms CreateObjectMapping: 0.094400 ms MarkObjects: 8.091100 ms  DeleteObjects: 0.031000 ms)

AssetImportParameters requested are different than current active one (requested -> active):
  custom:framework-win-MediaFoundation: 216162199b28c13a410421893ffa2e32 -> 
  custom:video-decoder-ogg-theora: a1e56fd34408186e4bbccfd4996cb3dc -> 
  custom:container-muxer-webm: aa71ff27fc2769a1b78a27578f13a17b -> 
  custom:container-demuxer-webm: 4f35f7cbe854078d1ac9338744f61a02 -> 
  custom:container-demuxer-ogg: 62fdf1f143b41e24485cea50d1cbac27 -> 
  custom:video-encoder-webm-vp8: eb34c28f22e8b96e1ab97ce403110664 -> 
  custom:video-decoder-webm-vp8: 9c59270c3fd7afecdb556c50c9e8de78 -> 
  custom:audio-decoder-ogg-vorbis: bf7c407c2cedff20999df2af8eb42d56 -> 
  custom:audio-encoder-webm-vorbis: bf7c407c2cedff20999df2af8eb42d56 -> 
========================================================================
Received Import Request.
  Time since last request: 63.418931 seconds.
  path: Assets/scripts/ActionManager.cs
  artifactKey: Guid(bc71273a3b5714c7497ce58c91a920f8) Importer(815301076,1909f56bfc062723c751e8b465ee728b)
Start importing Assets/scripts/ActionManager.cs using Guid(bc71273a3b5714c7497ce58c91a920f8) Importer(815301076,1909f56bfc062723c751e8b465ee728b)  -> (artifact id: 'e41cf298c7cc87270cc3176c2ab59c87') in 0.011442 seconds 
========================================================================
Received Import Request.
  Time since last request: 371.295740 seconds.
  path: Assets/scenes/Main.unity
  artifactKey: Guid(aa1d51138880e4560bd822dc79712763) Importer(815301076,1909f56bfc062723c751e8b465ee728b)
Start importing Assets/scenes/Main.unity using Guid(aa1d51138880e4560bd822dc79712763) Importer(815301076,1909f56bfc062723c751e8b465ee728b)  -> (artifact id: '8156f72a7dabe16167b8e972310d46e4') in 0.038951 seconds 
========================================================================
Received Prepare
Registering precompiled user dll's ...
Registered in 0.004744 seconds.
Begin MonoManager ReloadAssembly
Native extension for WindowsStandalone target not found
Refreshing native plugins compatible for Editor in 2.79 ms, found 2 plugins.
Preloading 0 native plugins for Editor in 0.00 ms.
Mono: successfully reloaded assembly
- Completed reload, in  3.145 seconds
Domain Reload Profiling:
	ReloadAssembly (3146ms)
		BeginReloadAssembly (235ms)
			ExecutionOrderSort (0ms)
			DisableScriptedObjects (10ms)
			BackupInstance (0ms)
			ReleaseScriptingObjects (0ms)
			CreateAndSetChildDomain (66ms)
		EndReloadAssembly (2799ms)
			LoadAssemblies (191ms)
			RebuildTransferFunctionScriptingTraits (0ms)
			SetupTypeCache (728ms)
			ReleaseScriptCaches (2ms)
			RebuildScriptCaches (112ms)
			SetupLoadedEditorAssemblies (1346ms)
				LogAssemblyErrors (0ms)
				InitializePlatformSupportModulesInManaged (13ms)
				SetLoadedEditorAssemblies (2ms)
				RefreshPlugins (3ms)
				BeforeProcessingInitializeOnLoad (367ms)
				ProcessInitializeOnLoadAttributes (733ms)
				ProcessInitializeOnLoadMethodAttributes (190ms)
				AfterProcessingInitializeOnLoad (37ms)
				EditorAssembliesLoaded (1ms)
			ExecutionOrderSort2 (0ms)
			AwakeInstancesAfterBackupRestoration (34ms)
Platform modules already initialized, skipping
Refreshing native plugins compatible for Editor in 1.76 ms, found 2 plugins.
Preloading 0 native plugins for Editor in 0.00 ms.
Unloading 2315 Unused Serialized files (Serialized files now loaded: 0)
System memory in use before: 96.5 MB.
System memory in use after: 96.7 MB.

Unloading 46 unused Assets to reduce memory usage. Loaded Objects now: 2778.
Total: 15.291500 ms (FindLiveObjects: 0.354900 ms CreateObjectMapping: 0.216100 ms MarkObjects: 14.648900 ms  DeleteObjects: 0.068900 ms)

AssetImportParameters requested are different than current active one (requested -> active):
  custom:framework-win-MediaFoundation: 216162199b28c13a410421893ffa2e32 -> 
  custom:video-decoder-ogg-theora: a1e56fd34408186e4bbccfd4996cb3dc -> 
  custom:container-muxer-webm: aa71ff27fc2769a1b78a27578f13a17b -> 
  custom:container-demuxer-webm: 4f35f7cbe854078d1ac9338744f61a02 -> 
  custom:container-demuxer-ogg: 62fdf1f143b41e24485cea50d1cbac27 -> 
  custom:video-encoder-webm-vp8: eb34c28f22e8b96e1ab97ce403110664 -> 
  custom:video-decoder-webm-vp8: 9c59270c3fd7afecdb556c50c9e8de78 -> 
  custom:audio-decoder-ogg-vorbis: bf7c407c2cedff20999df2af8eb42d56 -> 
  custom:audio-encoder-webm-vorbis: bf7c407c2cedff20999df2af8eb42d56 -> 
========================================================================
Received Prepare
Registering precompiled user dll's ...
Registered in 0.006252 seconds.
Begin MonoManager ReloadAssembly
Native extension for WindowsStandalone target not found
Refreshing native plugins compatible for Editor in 0.99 ms, found 2 plugins.
Preloading 0 native plugins for Editor in 0.00 ms.
Mono: successfully reloaded assembly
- Completed reload, in  2.060 seconds
Domain Reload Profiling:
	ReloadAssembly (2060ms)
		BeginReloadAssembly (157ms)
			ExecutionOrderSort (0ms)
			DisableScriptedObjects (9ms)
			BackupInstance (0ms)
			ReleaseScriptingObjects (0ms)
			CreateAndSetChildDomain (40ms)
		EndReloadAssembly (1814ms)
			LoadAssemblies (140ms)
			RebuildTransferFunctionScriptingTraits (0ms)
			SetupTypeCache (420ms)
			ReleaseScriptCaches (1ms)
			RebuildScriptCaches (55ms)
			SetupLoadedEditorAssemblies (1055ms)
				LogAssemblyErrors (0ms)
				InitializePlatformSupportModulesInManaged (6ms)
				SetLoadedEditorAssemblies (1ms)
				RefreshPlugins (1ms)
				BeforeProcessingInitializeOnLoad (117ms)
				ProcessInitializeOnLoadAttributes (753ms)
				ProcessInitializeOnLoadMethodAttributes (160ms)
				AfterProcessingInitializeOnLoad (18ms)
				EditorAssembliesLoaded (1ms)
			ExecutionOrderSort2 (0ms)
			AwakeInstancesAfterBackupRestoration (25ms)
Platform modules already initialized, skipping
Refreshing native plugins compatible for Editor in 1.42 ms, found 2 plugins.
Preloading 0 native plugins for Editor in 0.00 ms.
Unloading 2315 Unused Serialized files (Serialized files now loaded: 0)
System memory in use before: 96.5 MB.
System memory in use after: 96.7 MB.

Unloading 46 unused Assets to reduce memory usage. Loaded Objects now: 2780.
Total: 14.552900 ms (FindLiveObjects: 0.378100 ms CreateObjectMapping: 0.264900 ms MarkObjects: 13.839600 ms  DeleteObjects: 0.067900 ms)

AssetImportParameters requested are different than current active one (requested -> active):
  custom:framework-win-MediaFoundation: 216162199b28c13a410421893ffa2e32 -> 
  custom:video-decoder-ogg-theora: a1e56fd34408186e4bbccfd4996cb3dc -> 
  custom:container-muxer-webm: aa71ff27fc2769a1b78a27578f13a17b -> 
  custom:container-demuxer-webm: 4f35f7cbe854078d1ac9338744f61a02 -> 
  custom:container-demuxer-ogg: 62fdf1f143b41e24485cea50d1cbac27 -> 
  custom:video-encoder-webm-vp8: eb34c28f22e8b96e1ab97ce403110664 -> 
  custom:video-decoder-webm-vp8: 9c59270c3fd7afecdb556c50c9e8de78 -> 
  custom:audio-decoder-ogg-vorbis: bf7c407c2cedff20999df2af8eb42d56 -> 
  custom:audio-encoder-webm-vorbis: bf7c407c2cedff20999df2af8eb42d56 -> 
========================================================================
Received Prepare
Registering precompiled user dll's ...
Registered in 0.004300 seconds.
Begin MonoManager ReloadAssembly
Native extension for WindowsStandalone target not found
Refreshing native plugins compatible for Editor in 1.47 ms, found 2 plugins.
Preloading 0 native plugins for Editor in 0.00 ms.
Mono: successfully reloaded assembly
- Completed reload, in  2.193 seconds
Domain Reload Profiling:
	ReloadAssembly (2193ms)
		BeginReloadAssembly (128ms)
			ExecutionOrderSort (0ms)
			DisableScriptedObjects (6ms)
			BackupInstance (0ms)
			ReleaseScriptingObjects (0ms)
			CreateAndSetChildDomain (30ms)
		EndReloadAssembly (2002ms)
			LoadAssemblies (113ms)
			RebuildTransferFunctionScriptingTraits (0ms)
			SetupTypeCache (716ms)
			ReleaseScriptCaches (3ms)
			RebuildScriptCaches (189ms)
			SetupLoadedEditorAssemblies (757ms)
				LogAssemblyErrors (0ms)
				InitializePlatformSupportModulesInManaged (5ms)
				SetLoadedEditorAssemblies (1ms)
				RefreshPlugins (2ms)
				BeforeProcessingInitializeOnLoad (138ms)
				ProcessInitializeOnLoadAttributes (481ms)
				ProcessInitializeOnLoadMethodAttributes (109ms)
				AfterProcessingInitializeOnLoad (21ms)
				EditorAssembliesLoaded (1ms)
			ExecutionOrderSort2 (0ms)
			AwakeInstancesAfterBackupRestoration (18ms)
Platform modules already initialized, skipping
Refreshing native plugins compatible for Editor in 1.10 ms, found 2 plugins.
Preloading 0 native plugins for Editor in 0.00 ms.
Unloading 2315 Unused Serialized files (Serialized files now loaded: 0)
System memory in use before: 96.4 MB.
System memory in use after: 96.6 MB.

Unloading 46 unused Assets to reduce memory usage. Loaded Objects now: 2782.
Total: 7.953600 ms (FindLiveObjects: 0.233700 ms CreateObjectMapping: 0.155600 ms MarkObjects: 7.527600 ms  DeleteObjects: 0.035400 ms)

AssetImportParameters requested are different than current active one (requested -> active):
  custom:framework-win-MediaFoundation: 216162199b28c13a410421893ffa2e32 -> 
  custom:video-decoder-ogg-theora: a1e56fd34408186e4bbccfd4996cb3dc -> 
  custom:container-muxer-webm: aa71ff27fc2769a1b78a27578f13a17b -> 
  custom:container-demuxer-webm: 4f35f7cbe854078d1ac9338744f61a02 -> 
  custom:container-demuxer-ogg: 62fdf1f143b41e24485cea50d1cbac27 -> 
  custom:video-encoder-webm-vp8: eb34c28f22e8b96e1ab97ce403110664 -> 
  custom:video-decoder-webm-vp8: 9c59270c3fd7afecdb556c50c9e8de78 -> 
  custom:audio-decoder-ogg-vorbis: bf7c407c2cedff20999df2af8eb42d56 -> 
  custom:audio-encoder-webm-vorbis: bf7c407c2cedff20999df2af8eb42d56 -> 
========================================================================
Received Prepare
Registering precompiled user dll's ...
Registered in 0.005302 seconds.
Begin MonoManager ReloadAssembly
Native extension for WindowsStandalone target not found
Refreshing native plugins compatible for Editor in 1.07 ms, found 2 plugins.
Preloading 0 native plugins for Editor in 0.00 ms.
Mono: successfully reloaded assembly
- Completed reload, in  2.416 seconds
Domain Reload Profiling:
	ReloadAssembly (2417ms)
		BeginReloadAssembly (139ms)
			ExecutionOrderSort (0ms)
			DisableScriptedObjects (7ms)
			BackupInstance (0ms)
			ReleaseScriptingObjects (0ms)
			CreateAndSetChildDomain (33ms)
		EndReloadAssembly (2203ms)
			LoadAssemblies (128ms)
			RebuildTransferFunctionScriptingTraits (0ms)
			SetupTypeCache (846ms)
			ReleaseScriptCaches (3ms)
			RebuildScriptCaches (179ms)
			SetupLoadedEditorAssemblies (713ms)
				LogAssemblyErrors (0ms)
				InitializePlatformSupportModulesInManaged (6ms)
				SetLoadedEditorAssemblies (1ms)
				RefreshPlugins (1ms)
				BeforeProcessingInitializeOnLoad (254ms)
				ProcessInitializeOnLoadAttributes (389ms)
				ProcessInitializeOnLoadMethodAttributes (53ms)
				AfterProcessingInitializeOnLoad (9ms)
				EditorAssembliesLoaded (0ms)
			ExecutionOrderSort2 (0ms)
			AwakeInstancesAfterBackupRestoration (9ms)
Platform modules already initialized, skipping
Refreshing native plugins compatible for Editor in 1.44 ms, found 2 plugins.
Preloading 0 native plugins for Editor in 0.00 ms.
Unloading 2315 Unused Serialized files (Serialized files now loaded: 0)
System memory in use before: 96.5 MB.
System memory in use after: 96.7 MB.

Unloading 46 unused Assets to reduce memory usage. Loaded Objects now: 2784.
Total: 7.709900 ms (FindLiveObjects: 0.392900 ms CreateObjectMapping: 0.279900 ms MarkObjects: 7.001100 ms  DeleteObjects: 0.034700 ms)

AssetImportParameters requested are different than current active one (requested -> active):
  custom:framework-win-MediaFoundation: 216162199b28c13a410421893ffa2e32 -> 
  custom:video-decoder-ogg-theora: a1e56fd34408186e4bbccfd4996cb3dc -> 
  custom:container-muxer-webm: aa71ff27fc2769a1b78a27578f13a17b -> 
  custom:container-demuxer-webm: 4f35f7cbe854078d1ac9338744f61a02 -> 
  custom:container-demuxer-ogg: 62fdf1f143b41e24485cea50d1cbac27 -> 
  custom:video-encoder-webm-vp8: eb34c28f22e8b96e1ab97ce403110664 -> 
  custom:video-decoder-webm-vp8: 9c59270c3fd7afecdb556c50c9e8de78 -> 
  custom:audio-decoder-ogg-vorbis: bf7c407c2cedff20999df2af8eb42d56 -> 
  custom:audio-encoder-webm-vorbis: bf7c407c2cedff20999df2af8eb42d56 -> 
========================================================================
Received Prepare
Registering precompiled user dll's ...
Registered in 0.014430 seconds.
Begin MonoManager ReloadAssembly
Native extension for WindowsStandalone target not found
Refreshing native plugins compatible for Editor in 2.09 ms, found 2 plugins.
Preloading 0 native plugins for Editor in 0.00 ms.
Mono: successfully reloaded assembly
- Completed reload, in  2.752 seconds
Domain Reload Profiling:
	ReloadAssembly (2753ms)
		BeginReloadAssembly (154ms)
			ExecutionOrderSort (0ms)
			DisableScriptedObjects (10ms)
			BackupInstance (0ms)
			ReleaseScriptingObjects (0ms)
			CreateAndSetChildDomain (31ms)
		EndReloadAssembly (2528ms)
			LoadAssemblies (140ms)
			RebuildTransferFunctionScriptingTraits (0ms)
			SetupTypeCache (554ms)
			ReleaseScriptCaches (3ms)
			RebuildScriptCaches (92ms)
			SetupLoadedEditorAssemblies (1252ms)
				LogAssemblyErrors (0ms)
				InitializePlatformSupportModulesInManaged (14ms)
				SetLoadedEditorAssemblies (2ms)
				RefreshPlugins (2ms)
				BeforeProcessingInitializeOnLoad (262ms)
				ProcessInitializeOnLoadAttributes (736ms)
				ProcessInitializeOnLoadMethodAttributes (195ms)
				AfterProcessingInitializeOnLoad (39ms)
				EditorAssembliesLoaded (1ms)
			ExecutionOrderSort2 (0ms)
			AwakeInstancesAfterBackupRestoration (38ms)
Platform modules already initialized, skipping
Refreshing native plugins compatible for Editor in 1.77 ms, found 2 plugins.
Preloading 0 native plugins for Editor in 0.00 ms.
Unloading 2315 Unused Serialized files (Serialized files now loaded: 0)
System memory in use before: 96.5 MB.
System memory in use after: 96.7 MB.

Unloading 46 unused Assets to reduce memory usage. Loaded Objects now: 2786.
Total: 15.807500 ms (FindLiveObjects: 0.357700 ms CreateObjectMapping: 0.256700 ms MarkObjects: 15.087900 ms  DeleteObjects: 0.102800 ms)

AssetImportParameters requested are different than current active one (requested -> active):
  custom:framework-win-MediaFoundation: 216162199b28c13a410421893ffa2e32 -> 
  custom:video-decoder-ogg-theora: a1e56fd34408186e4bbccfd4996cb3dc -> 
  custom:container-muxer-webm: aa71ff27fc2769a1b78a27578f13a17b -> 
  custom:container-demuxer-webm: 4f35f7cbe854078d1ac9338744f61a02 -> 
  custom:container-demuxer-ogg: 62fdf1f143b41e24485cea50d1cbac27 -> 
  custom:video-encoder-webm-vp8: eb34c28f22e8b96e1ab97ce403110664 -> 
  custom:video-decoder-webm-vp8: 9c59270c3fd7afecdb556c50c9e8de78 -> 
  custom:audio-decoder-ogg-vorbis: bf7c407c2cedff20999df2af8eb42d56 -> 
  custom:audio-encoder-webm-vorbis: bf7c407c2cedff20999df2af8eb42d56 -> 
========================================================================
Received Prepare
Registering precompiled user dll's ...
Registered in 0.006736 seconds.
Begin MonoManager ReloadAssembly
Native extension for WindowsStandalone target not found
Refreshing native plugins compatible for Editor in 2.80 ms, found 2 plugins.
Preloading 0 native plugins for Editor in 0.00 ms.
Mono: successfully reloaded assembly
- Completed reload, in  4.531 seconds
Domain Reload Profiling:
	ReloadAssembly (4533ms)
		BeginReloadAssembly (489ms)
			ExecutionOrderSort (0ms)
			DisableScriptedObjects (32ms)
			BackupInstance (0ms)
			ReleaseScriptingObjects (0ms)
			CreateAndSetChildDomain (143ms)
		EndReloadAssembly (3766ms)
			LoadAssemblies (508ms)
			RebuildTransferFunctionScriptingTraits (0ms)
			SetupTypeCache (1238ms)
			ReleaseScriptCaches (4ms)
			RebuildScriptCaches (125ms)
			SetupLoadedEditorAssemblies (1413ms)
				LogAssemblyErrors (0ms)
				InitializePlatformSupportModulesInManaged (21ms)
				SetLoadedEditorAssemblies (3ms)
				RefreshPlugins (3ms)
				BeforeProcessingInitializeOnLoad (205ms)
				ProcessInitializeOnLoadAttributes (936ms)
				ProcessInitializeOnLoadMethodAttributes (205ms)
				AfterProcessingInitializeOnLoad (38ms)
				EditorAssembliesLoaded (1ms)
			ExecutionOrderSort2 (0ms)
			AwakeInstancesAfterBackupRestoration (35ms)
Platform modules already initialized, skipping
Refreshing native plugins compatible for Editor in 3.06 ms, found 2 plugins.
Preloading 0 native plugins for Editor in 0.00 ms.
Unloading 2315 Unused Serialized files (Serialized files now loaded: 0)
System memory in use before: 96.5 MB.
System memory in use after: 96.7 MB.

Unloading 46 unused Assets to reduce memory usage. Loaded Objects now: 2788.
Total: 26.833800 ms (FindLiveObjects: 0.584900 ms CreateObjectMapping: 0.457700 ms MarkObjects: 25.682500 ms  DeleteObjects: 0.104700 ms)

AssetImportParameters requested are different than current active one (requested -> active):
  custom:framework-win-MediaFoundation: 216162199b28c13a410421893ffa2e32 -> 
  custom:video-decoder-ogg-theora: a1e56fd34408186e4bbccfd4996cb3dc -> 
  custom:container-muxer-webm: aa71ff27fc2769a1b78a27578f13a17b -> 
  custom:container-demuxer-webm: 4f35f7cbe854078d1ac9338744f61a02 -> 
  custom:container-demuxer-ogg: 62fdf1f143b41e24485cea50d1cbac27 -> 
  custom:video-encoder-webm-vp8: eb34c28f22e8b96e1ab97ce403110664 -> 
  custom:video-decoder-webm-vp8: 9c59270c3fd7afecdb556c50c9e8de78 -> 
  custom:audio-decoder-ogg-vorbis: bf7c407c2cedff20999df2af8eb42d56 -> 
  custom:audio-encoder-webm-vorbis: bf7c407c2cedff20999df2af8eb42d56 -> 
========================================================================
Received Prepare
Registering precompiled user dll's ...
Registered in 0.027062 seconds.
Begin MonoManager ReloadAssembly
Native extension for WindowsStandalone target not found
Refreshing native plugins compatible for Editor in 2.70 ms, found 2 plugins.
Preloading 0 native plugins for Editor in 0.00 ms.
Mono: successfully reloaded assembly
- Completed reload, in  2.666 seconds
Domain Reload Profiling:
	ReloadAssembly (2667ms)
		BeginReloadAssembly (159ms)
			ExecutionOrderSort (0ms)
			DisableScriptedObjects (7ms)
			BackupInstance (0ms)
			ReleaseScriptingObjects (0ms)
			CreateAndSetChildDomain (37ms)
		EndReloadAssembly (2414ms)
			LoadAssemblies (170ms)
			RebuildTransferFunctionScriptingTraits (0ms)
			SetupTypeCache (562ms)
			ReleaseScriptCaches (2ms)
			RebuildScriptCaches (102ms)
			SetupLoadedEditorAssemblies (1368ms)
				LogAssemblyErrors (0ms)
				InitializePlatformSupportModulesInManaged (16ms)
				SetLoadedEditorAssemblies (3ms)
				RefreshPlugins (3ms)
				BeforeProcessingInitializeOnLoad (293ms)
				ProcessInitializeOnLoadAttributes (763ms)
				ProcessInitializeOnLoadMethodAttributes (247ms)
				AfterProcessingInitializeOnLoad (43ms)
				EditorAssembliesLoaded (1ms)
			ExecutionOrderSort2 (0ms)
			AwakeInstancesAfterBackupRestoration (34ms)
Platform modules already initialized, skipping
Refreshing native plugins compatible for Editor in 1.86 ms, found 2 plugins.
Preloading 0 native plugins for Editor in 0.00 ms.
Unloading 2315 Unused Serialized files (Serialized files now loaded: 0)
System memory in use before: 96.5 MB.
System memory in use after: 96.7 MB.

Unloading 46 unused Assets to reduce memory usage. Loaded Objects now: 2790.
Total: 15.930800 ms (FindLiveObjects: 0.539600 ms CreateObjectMapping: 0.221000 ms MarkObjects: 15.081700 ms  DeleteObjects: 0.086700 ms)

AssetImportParameters requested are different than current active one (requested -> active):
  custom:framework-win-MediaFoundation: 216162199b28c13a410421893ffa2e32 -> 
  custom:video-decoder-ogg-theora: a1e56fd34408186e4bbccfd4996cb3dc -> 
  custom:container-muxer-webm: aa71ff27fc2769a1b78a27578f13a17b -> 
  custom:container-demuxer-webm: 4f35f7cbe854078d1ac9338744f61a02 -> 
  custom:container-demuxer-ogg: 62fdf1f143b41e24485cea50d1cbac27 -> 
  custom:video-encoder-webm-vp8: eb34c28f22e8b96e1ab97ce403110664 -> 
  custom:video-decoder-webm-vp8: 9c59270c3fd7afecdb556c50c9e8de78 -> 
  custom:audio-decoder-ogg-vorbis: bf7c407c2cedff20999df2af8eb42d56 -> 
  custom:audio-encoder-webm-vorbis: bf7c407c2cedff20999df2af8eb42d56 -> 
========================================================================
Received Prepare
Registering precompiled user dll's ...
Registered in 0.009271 seconds.
Begin MonoManager ReloadAssembly
Native extension for WindowsStandalone target not found
Refreshing native plugins compatible for Editor in 1.66 ms, found 2 plugins.
Preloading 0 native plugins for Editor in 0.00 ms.
Mono: successfully reloaded assembly
- Completed reload, in  2.753 seconds
Domain Reload Profiling:
	ReloadAssembly (2754ms)
		BeginReloadAssembly (323ms)
			ExecutionOrderSort (0ms)
			DisableScriptedObjects (16ms)
			BackupInstance (0ms)
			ReleaseScriptingObjects (0ms)
			CreateAndSetChildDomain (78ms)
		EndReloadAssembly (2270ms)
			LoadAssemblies (318ms)
			RebuildTransferFunctionScriptingTraits (0ms)
			SetupTypeCache (636ms)
			ReleaseScriptCaches (2ms)
			RebuildScriptCaches (133ms)
			SetupLoadedEditorAssemblies (1003ms)
				LogAssemblyErrors (0ms)
				InitializePlatformSupportModulesInManaged (11ms)
				SetLoadedEditorAssemblies (1ms)
				RefreshPlugins (2ms)
				BeforeProcessingInitializeOnLoad (389ms)
				ProcessInitializeOnLoadAttributes (501ms)
				ProcessInitializeOnLoadMethodAttributes (89ms)
				AfterProcessingInitializeOnLoad (9ms)
				EditorAssembliesLoaded (0ms)
			ExecutionOrderSort2 (0ms)
			AwakeInstancesAfterBackupRestoration (7ms)
Platform modules already initialized, skipping
Refreshing native plugins compatible for Editor in 1.20 ms, found 2 plugins.
Preloading 0 native plugins for Editor in 0.00 ms.
Unloading 2315 Unused Serialized files (Serialized files now loaded: 0)
System memory in use before: 96.4 MB.
System memory in use after: 96.7 MB.

Unloading 46 unused Assets to reduce memory usage. Loaded Objects now: 2792.
Total: 12.632200 ms (FindLiveObjects: 0.364800 ms CreateObjectMapping: 0.228000 ms MarkObjects: 11.995800 ms  DeleteObjects: 0.042000 ms)

AssetImportParameters requested are different than current active one (requested -> active):
  custom:framework-win-MediaFoundation: 216162199b28c13a410421893ffa2e32 -> 
  custom:video-decoder-ogg-theora: a1e56fd34408186e4bbccfd4996cb3dc -> 
  custom:container-muxer-webm: aa71ff27fc2769a1b78a27578f13a17b -> 
  custom:container-demuxer-webm: 4f35f7cbe854078d1ac9338744f61a02 -> 
  custom:container-demuxer-ogg: 62fdf1f143b41e24485cea50d1cbac27 -> 
  custom:video-encoder-webm-vp8: eb34c28f22e8b96e1ab97ce403110664 -> 
  custom:video-decoder-webm-vp8: 9c59270c3fd7afecdb556c50c9e8de78 -> 
  custom:audio-decoder-ogg-vorbis: bf7c407c2cedff20999df2af8eb42d56 -> 
  custom:audio-encoder-webm-vorbis: bf7c407c2cedff20999df2af8eb42d56 -> 
========================================================================
Received Import Request.
  Time since last request: 753.699962 seconds.
  path: Assets/prefab/Canvas
  artifactKey: Guid(dee4ad1c6eb5b474da4842792bc05c98) Importer(815301076,1909f56bfc062723c751e8b465ee728b)
Start importing Assets/prefab/Canvas using Guid(dee4ad1c6eb5b474da4842792bc05c98) Importer(815301076,1909f56bfc062723c751e8b465ee728b)  -> (artifact id: '2c9bc61f653692abc6b54ddbc5cafb8f') in 0.010533 seconds 
========================================================================
Received Import Request.
  Time since last request: 2.094537 seconds.
  path: Assets/prefab/Canvas/PauseCanvas.prefab
  artifactKey: Guid(74f4d1f54da024845bcab1fd08899c37) Importer(815301076,1909f56bfc062723c751e8b465ee728b)
Start importing Assets/prefab/Canvas/PauseCanvas.prefab using Guid(74f4d1f54da024845bcab1fd08899c37) Importer(815301076,1909f56bfc062723c751e8b465ee728b)  -> (artifact id: '2664fdce72dbed4c21f78063d696c4d0') in 0.115511 seconds 
========================================================================
Received Prepare
Registering precompiled user dll's ...
Registered in 0.008374 seconds.
Begin MonoManager ReloadAssembly
Native extension for WindowsStandalone target not found
Refreshing native plugins compatible for Editor in 2.68 ms, found 2 plugins.
Preloading 0 native plugins for Editor in 0.00 ms.
Mono: successfully reloaded assembly
- Completed reload, in  2.746 seconds
Domain Reload Profiling:
	ReloadAssembly (2747ms)
		BeginReloadAssembly (245ms)
			ExecutionOrderSort (0ms)
			DisableScriptedObjects (16ms)
			BackupInstance (0ms)
			ReleaseScriptingObjects (0ms)
			CreateAndSetChildDomain (77ms)
		EndReloadAssembly (2422ms)
			LoadAssemblies (237ms)
			RebuildTransferFunctionScriptingTraits (0ms)
			SetupTypeCache (954ms)
			ReleaseScriptCaches (2ms)
			RebuildScriptCaches (86ms)
			SetupLoadedEditorAssemblies (695ms)
				LogAssemblyErrors (0ms)
				InitializePlatformSupportModulesInManaged (14ms)
				SetLoadedEditorAssemblies (2ms)
				RefreshPlugins (3ms)
				BeforeProcessingInitializeOnLoad (263ms)
				ProcessInitializeOnLoadAttributes (343ms)
				ProcessInitializeOnLoadMethodAttributes (60ms)
				AfterProcessingInitializeOnLoad (10ms)
				EditorAssembliesLoaded (0ms)
			ExecutionOrderSort2 (0ms)
			AwakeInstancesAfterBackupRestoration (14ms)
Platform modules already initialized, skipping
Refreshing native plugins compatible for Editor in 3.80 ms, found 2 plugins.
Preloading 0 native plugins for Editor in 0.00 ms.
Unloading 2315 Unused Serialized files (Serialized files now loaded: 0)
System memory in use before: 96.6 MB.
System memory in use after: 96.8 MB.

Unloading 51 unused Assets to reduce memory usage. Loaded Objects now: 2794.
Total: 23.409700 ms (FindLiveObjects: 0.756100 ms CreateObjectMapping: 0.599200 ms MarkObjects: 21.930500 ms  DeleteObjects: 0.120500 ms)

AssetImportParameters requested are different than current active one (requested -> active):
  custom:framework-win-MediaFoundation: 216162199b28c13a410421893ffa2e32 -> 
  custom:video-decoder-ogg-theora: a1e56fd34408186e4bbccfd4996cb3dc -> 
  custom:container-muxer-webm: aa71ff27fc2769a1b78a27578f13a17b -> 
  custom:container-demuxer-webm: 4f35f7cbe854078d1ac9338744f61a02 -> 
  custom:container-demuxer-ogg: 62fdf1f143b41e24485cea50d1cbac27 -> 
  custom:video-encoder-webm-vp8: eb34c28f22e8b96e1ab97ce403110664 -> 
  custom:video-decoder-webm-vp8: 9c59270c3fd7afecdb556c50c9e8de78 -> 
  custom:audio-decoder-ogg-vorbis: bf7c407c2cedff20999df2af8eb42d56 -> 
  custom:audio-encoder-webm-vorbis: bf7c407c2cedff20999df2af8eb42d56 -> 
========================================================================
Received Import Request.
  Time since last request: 1004.546085 seconds.
  path: Assets/prefab/Tutorial/Tutorial.prefab
  artifactKey: Guid(794cfa2c8f5d045a49fcac5585852905) Importer(815301076,1909f56bfc062723c751e8b465ee728b)
Start importing Assets/prefab/Tutorial/Tutorial.prefab using Guid(794cfa2c8f5d045a49fcac5585852905) Importer(815301076,1909f56bfc062723c751e8b465ee728b)  -> (artifact id: 'ac949bf93a112145131063b0681dc3b2') in 0.073011 seconds 
========================================================================
Received Import Request.
  Time since last request: 13.108943 seconds.
  path: Assets/prefab/Canvas/PauseCanvas.prefab
  artifactKey: Guid(74f4d1f54da024845bcab1fd08899c37) Importer(815301076,1909f56bfc062723c751e8b465ee728b)
Start importing Assets/prefab/Canvas/PauseCanvas.prefab using Guid(74f4d1f54da024845bcab1fd08899c37) Importer(815301076,1909f56bfc062723c751e8b465ee728b)  -> (artifact id: 'dd7ace7eb9cd39c3962051b1bf6c17bf') in 0.056067 seconds 
========================================================================
Received Import Request.
  Time since last request: 38.751077 seconds.
  path: Assets/animations/SpriteSheets/Loading01SpriteSheet.png
  artifactKey: Guid(a957129754320184fb6614127c0be9a1) Importer(815301076,1909f56bfc062723c751e8b465ee728b)
Start importing Assets/animations/SpriteSheets/Loading01SpriteSheet.png using Guid(a957129754320184fb6614127c0be9a1) Importer(815301076,1909f56bfc062723c751e8b465ee728b)  -> (artifact id: '354d6b796f2ff86623e1f11a9fff6c07') in 0.350660 seconds 
========================================================================
Received Import Request.
  Time since last request: 0.001038 seconds.
  path: Assets/images/GraphicsMaterial/ScreenShots/v1.0/selecionados/ResolutionDialog.psd
  artifactKey: Guid(252497109d3eb46d587e91ed223cf1fb) Importer(815301076,1909f56bfc062723c751e8b465ee728b)
Start importing Assets/images/GraphicsMaterial/ScreenShots/v1.0/selecionados/ResolutionDialog.psd using Guid(252497109d3eb46d587e91ed223cf1fb) Importer(815301076,1909f56bfc062723c751e8b465ee728b)  -> (artifact id: '37f23b5722a62d6bc2c006204ffae3c9') in 0.035207 seconds 
========================================================================
Received Import Request.
  Time since last request: 0.000357 seconds.
  path: Assets/images/Tower3Fire/old/TowerFirePSD.psd
  artifactKey: Guid(c445017b0985d4387951dfc8720f23b5) Importer(815301076,1909f56bfc062723c751e8b465ee728b)
Start importing Assets/images/Tower3Fire/old/TowerFirePSD.psd using Guid(c445017b0985d4387951dfc8720f23b5) Importer(815301076,1909f56bfc062723c751e8b465ee728b)  -> (artifact id: '8281dd3f389f3a9c82802a26f96c4929') in 0.023784 seconds 
========================================================================
Received Import Request.
  Time since last request: 0.000450 seconds.
  path: Assets/sprites/Upgrade Canvas/Side Effect duration up/UpgradeButton_SideEffectDuraction_v2.png
  artifactKey: Guid(eb7f89bddcb55e44298fc93c71a890e9) Importer(815301076,1909f56bfc062723c751e8b465ee728b)
Start importing Assets/sprites/Upgrade Canvas/Side Effect duration up/UpgradeButton_SideEffectDuraction_v2.png using Guid(eb7f89bddcb55e44298fc93c71a890e9) Importer(815301076,1909f56bfc062723c751e8b465ee728b)  -> (artifact id: '593f9cc78f4d738b09c4556417f22ad8') in 0.022317 seconds 
========================================================================
Received Import Request.
  Time since last request: 0.000310 seconds.
  path: Assets/sprites/Upgrade Canvas/Research3.png
  artifactKey: Guid(0c7ceeec099c287489bd440bf4a84097) Importer(815301076,1909f56bfc062723c751e8b465ee728b)
Start importing Assets/sprites/Upgrade Canvas/Research3.png using Guid(0c7ceeec099c287489bd440bf4a84097) Importer(815301076,1909f56bfc062723c751e8b465ee728b)  -> (artifact id: '568a8e29b6176c4dbf792eaa87610575') in 0.019596 seconds 
========================================================================
Received Import Request.
  Time since last request: 0.000523 seconds.
  path: Assets/images/Tower0/others/Tower5_v2.png
  artifactKey: Guid(d377ccd3328d04849b169e204420daf9) Importer(815301076,1909f56bfc062723c751e8b465ee728b)
Start importing Assets/images/Tower0/others/Tower5_v2.png using Guid(d377ccd3328d04849b169e204420daf9) Importer(815301076,1909f56bfc062723c751e8b465ee728b)  -> (artifact id: 'e9d90ca5f04482612408b905f8259a3e') in 0.018815 seconds 
========================================================================
Received Import Request.
  Time since last request: 0.000345 seconds.
  path: Assets/images/Tower3Fire/old/TowerFirePSD3.psd
  artifactKey: Guid(73dfa6e6b51fd4c3586a130272dc50d3) Importer(815301076,1909f56bfc062723c751e8b465ee728b)
Start importing Assets/images/Tower3Fire/old/TowerFirePSD3.psd using Guid(73dfa6e6b51fd4c3586a130272dc50d3) Importer(815301076,1909f56bfc062723c751e8b465ee728b)  -> (artifact id: 'e9d77c908774fadaf2dd28c7a7730bad') in 0.015921 seconds 
========================================================================
Received Import Request.
  Time since last request: 0.000376 seconds.
  path: Assets/images/Tower1Standard/New/others/Tower1PNG.png
  artifactKey: Guid(e410618f55da5431a8f106722913d9ac) Importer(815301076,1909f56bfc062723c751e8b465ee728b)
Start importing Assets/images/Tower1Standard/New/others/Tower1PNG.png using Guid(e410618f55da5431a8f106722913d9ac) Importer(815301076,1909f56bfc062723c751e8b465ee728b)  -> (artifact id: '3594b6909d50d235900e4d321386d90a') in 0.017755 seconds 
========================================================================
Received Import Request.
  Time since last request: 0.000382 seconds.
  path: Assets/sprites/Upgrade Canvas/Fire rate/UpgradeButton_FireRate_v3.png
  artifactKey: Guid(b879f763ef534a54ba6106b06a508599) Importer(815301076,1909f56bfc062723c751e8b465ee728b)
Start importing Assets/sprites/Upgrade Canvas/Fire rate/UpgradeButton_FireRate_v3.png using Guid(b879f763ef534a54ba6106b06a508599) Importer(815301076,1909f56bfc062723c751e8b465ee728b)  -> (artifact id: '550144c34adc9e6c561c16cb3be91a89') in 0.017795 seconds 
========================================================================
Received Import Request.
  Time since last request: 0.000329 seconds.
  path: Assets/images/Tower3Fire/new/tower3PNG_B.png
  artifactKey: Guid(fb4b9156202680b40966dee1da752ead) Importer(815301076,1909f56bfc062723c751e8b465ee728b)
Start importing Assets/images/Tower3Fire/new/tower3PNG_B.png using Guid(fb4b9156202680b40966dee1da752ead) Importer(815301076,1909f56bfc062723c751e8b465ee728b)  -> (artifact id: '86103b4593d0d8ecffcbd376609d222a') in 0.014840 seconds 
========================================================================
Received Import Request.
  Time since last request: 0.000559 seconds.
  path: Assets/sprites/Upgrade Canvas/Soul Bonus/UpgradeButton_Soul_v2.png
  artifactKey: Guid(b9fda2553f7a1a44ca2f3191698dc392) Importer(815301076,1909f56bfc062723c751e8b465ee728b)
Start importing Assets/sprites/Upgrade Canvas/Soul Bonus/UpgradeButton_Soul_v2.png using Guid(b9fda2553f7a1a44ca2f3191698dc392) Importer(815301076,1909f56bfc062723c751e8b465ee728b)  -> (artifact id: '51a217b7aa4bf0713fad14b9408d6423') in 0.015350 seconds 
========================================================================
Received Import Request.
  Time since last request: 0.000374 seconds.
  path: Assets/sprites/Upgrade Canvas/Soul Bonus/UpgradeButton_Soul.png
  artifactKey: Guid(3daa94acb0cf32c47a6a46cab7420be8) Importer(815301076,1909f56bfc062723c751e8b465ee728b)
Start importing Assets/sprites/Upgrade Canvas/Soul Bonus/UpgradeButton_Soul.png using Guid(3daa94acb0cf32c47a6a46cab7420be8) Importer(815301076,1909f56bfc062723c751e8b465ee728b)  -> (artifact id: 'ef247a8b726aed9ff539a6e3e53730fb') in 0.015820 seconds 
========================================================================
Received Import Request.
  Time since last request: 0.000497 seconds.
  path: Assets/images/Tower1Standard/New/Tower1PNG_C.png
  artifactKey: Guid(1e2e462ce52d2784585865dd388a19d0) Importer(815301076,1909f56bfc062723c751e8b465ee728b)
Start importing Assets/images/Tower1Standard/New/Tower1PNG_C.png using Guid(1e2e462ce52d2784585865dd388a19d0) Importer(815301076,1909f56bfc062723c751e8b465ee728b)  -> (artifact id: '41a51558f436add3f8c3d362c7588a1e') in 0.018527 seconds 
========================================================================
Received Import Request.
  Time since last request: 0.000459 seconds.
  path: Assets/sprites/Upgrade Canvas/Strengh up/UpgradeBuutton_Strengh.png
  artifactKey: Guid(c81dcf4279117c2479981b41f831946d) Importer(815301076,1909f56bfc062723c751e8b465ee728b)
Start importing Assets/sprites/Upgrade Canvas/Strengh up/UpgradeBuutton_Strengh.png using Guid(c81dcf4279117c2479981b41f831946d) Importer(815301076,1909f56bfc062723c751e8b465ee728b)  -> (artifact id: 'f8e9619e545b9815c9fe18639cb48965') in 0.023273 seconds 
========================================================================
Received Import Request.
  Time since last request: 0.000425 seconds.
  path: Assets/images/Tower2Water/NEW/Tower2PNG_C.png
  artifactKey: Guid(c493f372d6aff064390242548f6115f6) Importer(815301076,1909f56bfc062723c751e8b465ee728b)
Start importing Assets/images/Tower2Water/NEW/Tower2PNG_C.png using Guid(c493f372d6aff064390242548f6115f6) Importer(815301076,1909f56bfc062723c751e8b465ee728b)  -> (artifact id: 'dd9c5e617d9435625851d155396cf187') in 0.022714 seconds 
========================================================================
Received Import Request.
  Time since last request: 0.000305 seconds.
  path: Assets/sprites/Upgrade Canvas/Range grow/UpgradeButton_Range_v3.png
  artifactKey: Guid(9923fe4c4ac0b3a418aff5157191ca61) Importer(815301076,1909f56bfc062723c751e8b465ee728b)
Start importing Assets/sprites/Upgrade Canvas/Range grow/UpgradeButton_Range_v3.png using Guid(9923fe4c4ac0b3a418aff5157191ca61) Importer(815301076,1909f56bfc062723c751e8b465ee728b)  -> (artifact id: 'f8a18a8fb43b1964ddb6781719ba1539') in 0.020110 seconds 
========================================================================
Received Import Request.
  Time since last request: 0.000395 seconds.
  path: Assets/sprites/Upgrade Canvas/Side Effect duration up/UpgradeButton_SideEffectDuraction.png
  artifactKey: Guid(7fd70ea936687054196cb1d3042e65ea) Importer(815301076,1909f56bfc062723c751e8b465ee728b)
Start importing Assets/sprites/Upgrade Canvas/Side Effect duration up/UpgradeButton_SideEffectDuraction.png using Guid(7fd70ea936687054196cb1d3042e65ea) Importer(815301076,1909f56bfc062723c751e8b465ee728b)  -> (artifact id: '973cb9c0caa02e645aa24ddb07114831') in 0.014076 seconds 
========================================================================
Received Import Request.
  Time since last request: 0.000407 seconds.
  path: Assets/images/Tower2Water/NEW/Tower2PNG.png
  artifactKey: Guid(f6d757aa267a54b8da0bbc520dd9baba) Importer(815301076,1909f56bfc062723c751e8b465ee728b)
Start importing Assets/images/Tower2Water/NEW/Tower2PNG.png using Guid(f6d757aa267a54b8da0bbc520dd9baba) Importer(815301076,1909f56bfc062723c751e8b465ee728b)  -> (artifact id: '7500361abf080d183ceaae2c84d647f4') in 0.021087 seconds 
========================================================================
Received Import Request.
  Time since last request: 0.000527 seconds.
  path: Assets/images/mouse/Mouse.png
  artifactKey: Guid(dbfdaf63738e340989e0f7b5a1898b9f) Importer(815301076,1909f56bfc062723c751e8b465ee728b)
Start importing Assets/images/mouse/Mouse.png using Guid(dbfdaf63738e340989e0f7b5a1898b9f) Importer(815301076,1909f56bfc062723c751e8b465ee728b)  -> (artifact id: 'fc2eac347475c13f2ea81f48c67ab75d') in 0.023641 seconds 
========================================================================
Received Import Request.
  Time since last request: 0.000699 seconds.
  path: Assets/images/Tower2Water/old/TowerWaterPSD3.psd
  artifactKey: Guid(d8fe9e0ab3d40440e88a1418207bfed4) Importer(815301076,1909f56bfc062723c751e8b465ee728b)
Start importing Assets/images/Tower2Water/old/TowerWaterPSD3.psd using Guid(d8fe9e0ab3d40440e88a1418207bfed4) Importer(815301076,1909f56bfc062723c751e8b465ee728b)  -> (artifact id: '76e3f3cbbac9fa6bb12f6dbccc46fae0') in 0.020828 seconds 
========================================================================
Received Import Request.
  Time since last request: 0.000630 seconds.
  path: Assets/sprites/Upgrade Canvas/Side Effect up/UpgradeButton_SideEffect_v2.png
  artifactKey: Guid(a697d4812f9612e459fe730e9eb1666b) Importer(815301076,1909f56bfc062723c751e8b465ee728b)
Start importing Assets/sprites/Upgrade Canvas/Side Effect up/UpgradeButton_SideEffect_v2.png using Guid(a697d4812f9612e459fe730e9eb1666b) Importer(815301076,1909f56bfc062723c751e8b465ee728b)  -> (artifact id: '4c944a065d9f2d111970a2234d0d65e9') in 0.029977 seconds 
========================================================================
Received Import Request.
  Time since last request: 0.000578 seconds.
  path: Assets/images/Tower1Standard/New/others/Tower1PNG_B.png
  artifactKey: Guid(eee8c075f425eeb439574f280a35e737) Importer(815301076,1909f56bfc062723c751e8b465ee728b)
Start importing Assets/images/Tower1Standard/New/others/Tower1PNG_B.png using Guid(eee8c075f425eeb439574f280a35e737) Importer(815301076,1909f56bfc062723c751e8b465ee728b)  -> (artifact id: '45e52618aed7ac15b58aaeba9a1bfc46') in 0.028656 seconds 
========================================================================
Received Import Request.
  Time since last request: 0.000593 seconds.
  path: Assets/images/Tower0/others/Tower5.png
  artifactKey: Guid(6614dec50f4ee59439dc8ed297f84d5e) Importer(815301076,1909f56bfc062723c751e8b465ee728b)
Start importing Assets/images/Tower0/others/Tower5.png using Guid(6614dec50f4ee59439dc8ed297f84d5e) Importer(815301076,1909f56bfc062723c751e8b465ee728b)  -> (artifact id: '7c0306ce14ff250c52ce7b9570cfea4c') in 0.027634 seconds 
========================================================================
Received Import Request.
  Time since last request: 0.000617 seconds.
  path: Assets/sprites/Upgrade Canvas/Fire rate/UpgradeButton_FireRate.png
  artifactKey: Guid(3edd629467061994cab3bf4b2443906a) Importer(815301076,1909f56bfc062723c751e8b465ee728b)
Start importing Assets/sprites/Upgrade Canvas/Fire rate/UpgradeButton_FireRate.png using Guid(3edd629467061994cab3bf4b2443906a) Importer(815301076,1909f56bfc062723c751e8b465ee728b)  -> (artifact id: '93d3f2d9d0ea943175b006a3e3526069') in 0.026463 seconds 
========================================================================
Received Import Request.
  Time since last request: 0.000744 seconds.
  path: Assets/sprites/Upgrade Canvas/Range grow/UpgradeButton_Range_v4.png
  artifactKey: Guid(8b777c0abac52a64ab8fdfa5b8f90219) Importer(815301076,1909f56bfc062723c751e8b465ee728b)
Start importing Assets/sprites/Upgrade Canvas/Range grow/UpgradeButton_Range_v4.png using Guid(8b777c0abac52a64ab8fdfa5b8f90219) Importer(815301076,1909f56bfc062723c751e8b465ee728b)  -> (artifact id: 'b4ed7e3b6305d1fc6d4f2f2f35dd5666') in 0.026942 seconds 
========================================================================
Received Import Request.
  Time since last request: 0.000592 seconds.
  path: Assets/sprites/Upgrade Canvas/MasterFireRate.png
  artifactKey: Guid(78d0fab9434905c45b6adcf2ba4a1fe0) Importer(815301076,1909f56bfc062723c751e8b465ee728b)
Start importing Assets/sprites/Upgrade Canvas/MasterFireRate.png using Guid(78d0fab9434905c45b6adcf2ba4a1fe0) Importer(815301076,1909f56bfc062723c751e8b465ee728b)  -> (artifact id: 'cd32b2e7680714584ac1c40292fe9f78') in 0.027806 seconds 
========================================================================
Received Import Request.
  Time since last request: 0.000547 seconds.
  path: Assets/sprites/Upgrade Canvas/Soul Bonus/UpgradeButton_Soul_v3.png
  artifactKey: Guid(f1e8d73ef414d65478f0c4a740f374c6) Importer(815301076,1909f56bfc062723c751e8b465ee728b)
Start importing Assets/sprites/Upgrade Canvas/Soul Bonus/UpgradeButton_Soul_v3.png using Guid(f1e8d73ef414d65478f0c4a740f374c6) Importer(815301076,1909f56bfc062723c751e8b465ee728b)  -> (artifact id: 'a2d3ed139b0cb7fca8a75a6eca7da515') in 0.021458 seconds 
========================================================================
Received Import Request.
  Time since last request: 0.000442 seconds.
  path: Assets/sprites/Upgrade Canvas/Range grow/UpgradeButton_Range_v2.png
  artifactKey: Guid(3ca5f86b9b6142c4ea33c9b4a5db124c) Importer(815301076,1909f56bfc062723c751e8b465ee728b)
Start importing Assets/sprites/Upgrade Canvas/Range grow/UpgradeButton_Range_v2.png using Guid(3ca5f86b9b6142c4ea33c9b4a5db124c) Importer(815301076,1909f56bfc062723c751e8b465ee728b)  -> (artifact id: '94801c91aa148fb11e914158fe6e7d00') in 0.017849 seconds 
========================================================================
Received Import Request.
  Time since last request: 0.000360 seconds.
  path: Assets/sprites/Upgrade Canvas/Research2.png
  artifactKey: Guid(a15047348a0e42d419eb4389c975075b) Importer(815301076,1909f56bfc062723c751e8b465ee728b)
Start importing Assets/sprites/Upgrade Canvas/Research2.png using Guid(a15047348a0e42d419eb4389c975075b) Importer(815301076,1909f56bfc062723c751e8b465ee728b)  -> (artifact id: '860b18897221363ca8bc0e1d401edb98') in 0.018135 seconds 
========================================================================
Received Import Request.
  Time since last request: 0.000378 seconds.
  path: Assets/sprites/Upgrade Canvas/Fire rate/UpgradeButton_FireRate_v2.png
  artifactKey: Guid(d8a9869b80fb9c9489124917dde0ba57) Importer(815301076,1909f56bfc062723c751e8b465ee728b)
Start importing Assets/sprites/Upgrade Canvas/Fire rate/UpgradeButton_FireRate_v2.png using Guid(d8a9869b80fb9c9489124917dde0ba57) Importer(815301076,1909f56bfc062723c751e8b465ee728b)  -> (artifact id: '1ee9bd0d207d23ed1e6142c03b209a75') in 0.017609 seconds 
========================================================================
Received Import Request.
  Time since last request: 0.000355 seconds.
  path: Assets/sprites/Upgrade Canvas/MasterAreaEffect.png
  artifactKey: Guid(e919ebf174ab8b24faf15a8a7e3e05cd) Importer(815301076,1909f56bfc062723c751e8b465ee728b)
Start importing Assets/sprites/Upgrade Canvas/MasterAreaEffect.png using Guid(e919ebf174ab8b24faf15a8a7e3e05cd) Importer(815301076,1909f56bfc062723c751e8b465ee728b)  -> (artifact id: 'e8bcfbfeae5010b389fd4b562f6a9dca') in 0.016896 seconds 
========================================================================
Received Import Request.
  Time since last request: 0.000401 seconds.
  path: Assets/images/Tower3Fire/new/tower3PNG.png
  artifactKey: Guid(2f25eff25e16c4751bbc533bec8dcca6) Importer(815301076,1909f56bfc062723c751e8b465ee728b)
Start importing Assets/images/Tower3Fire/new/tower3PNG.png using Guid(2f25eff25e16c4751bbc533bec8dcca6) Importer(815301076,1909f56bfc062723c751e8b465ee728b)  -> (artifact id: '03a254b1f72917e3abfe56484906b65e') in 0.017569 seconds 
========================================================================
Received Import Request.
  Time since last request: 0.000426 seconds.
  path: Assets/sprites/Upgrade Canvas/MasterTower.png
  artifactKey: Guid(a33142ac972f6dc4d98e604746e627f1) Importer(815301076,1909f56bfc062723c751e8b465ee728b)
Start importing Assets/sprites/Upgrade Canvas/MasterTower.png using Guid(a33142ac972f6dc4d98e604746e627f1) Importer(815301076,1909f56bfc062723c751e8b465ee728b)  -> (artifact id: '7672e79b099d1965c699eff9b9f1f7f4') in 0.018939 seconds 
========================================================================
Received Import Request.
  Time since last request: 0.000435 seconds.
  path: Assets/sprites/Upgrade Canvas/Strengh up/UpgradeBuutton_Strengh_v3.png
  artifactKey: Guid(63691da3d59a92c429bf73ef2be20998) Importer(815301076,1909f56bfc062723c751e8b465ee728b)
Start importing Assets/sprites/Upgrade Canvas/Strengh up/UpgradeBuutton_Strengh_v3.png using Guid(63691da3d59a92c429bf73ef2be20998) Importer(815301076,1909f56bfc062723c751e8b465ee728b)  -> (artifact id: 'c61ede05ffc4192a8a1678880f53d01f') in 0.020566 seconds 
========================================================================
Received Import Request.
  Time since last request: 0.000415 seconds.
  path: Assets/images/Tower0/others/Tower5_v3.png
  artifactKey: Guid(7ad37a0008db4fb4289a2eb224e21551) Importer(815301076,1909f56bfc062723c751e8b465ee728b)
Start importing Assets/images/Tower0/others/Tower5_v3.png using Guid(7ad37a0008db4fb4289a2eb224e21551) Importer(815301076,1909f56bfc062723c751e8b465ee728b)  -> (artifact id: 'bd1004407591bdfeb5f8141713fabcd7') in 0.021222 seconds 
========================================================================
Received Import Request.
  Time since last request: 0.000316 seconds.
  path: Assets/sprites/Upgrade Canvas/MasterBurnEffect.png
  artifactKey: Guid(e4bdacec77463ca4a94edc4140b84ca9) Importer(815301076,1909f56bfc062723c751e8b465ee728b)
Start importing Assets/sprites/Upgrade Canvas/MasterBurnEffect.png using Guid(e4bdacec77463ca4a94edc4140b84ca9) Importer(815301076,1909f56bfc062723c751e8b465ee728b)  -> (artifact id: '7c7c674dcb25afcb0adfd7a50eb10902') in 0.017706 seconds 
========================================================================
Received Import Request.
  Time since last request: 0.000412 seconds.
  path: Assets/images/Tower2Water/old/TowerWaterPSD2.psd
  artifactKey: Guid(3850693c9ef5842b09c5fd3d4230fa5c) Importer(815301076,1909f56bfc062723c751e8b465ee728b)
Start importing Assets/images/Tower2Water/old/TowerWaterPSD2.psd using Guid(3850693c9ef5842b09c5fd3d4230fa5c) Importer(815301076,1909f56bfc062723c751e8b465ee728b)  -> (artifact id: 'a3686d48fea3055b09e8d164f878f092') in 0.015723 seconds 
========================================================================
Received Import Request.
  Time since last request: 0.000463 seconds.
  path: Assets/images/Tower1Standard/old/TowerLogoPDS.psd
  artifactKey: Guid(13c92dfe7822e47b39190e29ca5ae86b) Importer(815301076,1909f56bfc062723c751e8b465ee728b)
Start importing Assets/images/Tower1Standard/old/TowerLogoPDS.psd using Guid(13c92dfe7822e47b39190e29ca5ae86b) Importer(815301076,1909f56bfc062723c751e8b465ee728b)  -> (artifact id: '53871fde63d7504167c5bc8cbf2cd912') in 0.018464 seconds 
========================================================================
Received Import Request.
  Time since last request: 0.000384 seconds.
  path: Assets/images/Tower1Standard/old/TowerLogoPDS2.psd
  artifactKey: Guid(8a6614fe1bbc246b4858ad4b1dd30826) Importer(815301076,1909f56bfc062723c751e8b465ee728b)
Start importing Assets/images/Tower1Standard/old/TowerLogoPDS2.psd using Guid(8a6614fe1bbc246b4858ad4b1dd30826) Importer(815301076,1909f56bfc062723c751e8b465ee728b)  -> (artifact id: '5da5fc0c73fd8ae9ba524a98cf1f17b7') in 0.016883 seconds 
========================================================================
Received Import Request.
  Time since last request: 0.000467 seconds.
  path: Assets/sprites/Upgrade Canvas/Research1.png
  artifactKey: Guid(52114af9e5aceaf41af7aa5f26c84437) Importer(815301076,1909f56bfc062723c751e8b465ee728b)
Start importing Assets/sprites/Upgrade Canvas/Research1.png using Guid(52114af9e5aceaf41af7aa5f26c84437) Importer(815301076,1909f56bfc062723c751e8b465ee728b)  -> (artifact id: 'd31d7155bdfd273d932e43c96a62aca0') in 0.023069 seconds 
========================================================================
Received Import Request.
  Time since last request: 0.000328 seconds.
  path: Assets/images/Tower3Fire/new/tower3PNG_C.png
  artifactKey: Guid(48f667ac977b40343996314f42834228) Importer(815301076,1909f56bfc062723c751e8b465ee728b)
Start importing Assets/images/Tower3Fire/new/tower3PNG_C.png using Guid(48f667ac977b40343996314f42834228) Importer(815301076,1909f56bfc062723c751e8b465ee728b)  -> (artifact id: 'ac972e5add18fc3535475da43e75c2f2') in 0.020148 seconds 
========================================================================
Received Import Request.
  Time since last request: 0.000511 seconds.
  path: Assets/sprites/Upgrade Canvas/Strengh up/UpgradeBuutton_Strengh_v2.png
  artifactKey: Guid(6f51298b20edc064faac72b3ea76663d) Importer(815301076,1909f56bfc062723c751e8b465ee728b)
Start importing Assets/sprites/Upgrade Canvas/Strengh up/UpgradeBuutton_Strengh_v2.png using Guid(6f51298b20edc064faac72b3ea76663d) Importer(815301076,1909f56bfc062723c751e8b465ee728b)  -> (artifact id: '8d3834bd2ee1c5c9a6bf71451c962da0') in 0.024058 seconds 
========================================================================
Received Import Request.
  Time since last request: 0.000563 seconds.
  path: Assets/images/Tower2Water/old/TowerWaterPSD.psd
  artifactKey: Guid(64133e3d3a3b64e7cbcb7392bb398092) Importer(815301076,1909f56bfc062723c751e8b465ee728b)
Start importing Assets/images/Tower2Water/old/TowerWaterPSD.psd using Guid(64133e3d3a3b64e7cbcb7392bb398092) Importer(815301076,1909f56bfc062723c751e8b465ee728b)  -> (artifact id: '83be6d82818b0cc70351eb2d4d3ae6b7') in 0.030597 seconds 
========================================================================
Received Import Request.
  Time since last request: 0.000618 seconds.
  path: Assets/images/Tower0/Tower5_v4_PNG.png
  artifactKey: Guid(c2264032e9bed4e2d99f027df66094cf) Importer(815301076,1909f56bfc062723c751e8b465ee728b)
Start importing Assets/images/Tower0/Tower5_v4_PNG.png using Guid(c2264032e9bed4e2d99f027df66094cf) Importer(815301076,1909f56bfc062723c751e8b465ee728b)  -> (artifact id: '6f083597cb87054e22eb36587c295b8d') in 0.028490 seconds 
========================================================================
Received Import Request.
  Time since last request: 0.000584 seconds.
  path: Assets/sprites/Bruxo/Witch_painted03.png
  artifactKey: Guid(dd6a53acfd118ec4a9435cd70d11b308) Importer(815301076,1909f56bfc062723c751e8b465ee728b)
Start importing Assets/sprites/Bruxo/Witch_painted03.png using Guid(dd6a53acfd118ec4a9435cd70d11b308) Importer(815301076,1909f56bfc062723c751e8b465ee728b)  -> (artifact id: 'eec8066de2504cb5aac895d30492234b') in 0.087557 seconds 
========================================================================
Received Import Request.
  Time since last request: 0.000352 seconds.
  path: Assets/sprites/Bruxo/Witch_painted04.png
  artifactKey: Guid(b2267b16199a34956aa1469dbfd2b639) Importer(815301076,1909f56bfc062723c751e8b465ee728b)
Start importing Assets/sprites/Bruxo/Witch_painted04.png using Guid(b2267b16199a34956aa1469dbfd2b639) Importer(815301076,1909f56bfc062723c751e8b465ee728b)  -> (artifact id: '5c32e0273872d95c48fa2cd1430d6fad') in 0.041631 seconds 
========================================================================
Received Import Request.
  Time since last request: 0.000366 seconds.
  path: Assets/images/Tower2Water/NEW/Tower2PNG_B.png
  artifactKey: Guid(d834df10a5ae2194ab80615eabe00c31) Importer(815301076,1909f56bfc062723c751e8b465ee728b)
Start importing Assets/images/Tower2Water/NEW/Tower2PNG_B.png using Guid(d834df10a5ae2194ab80615eabe00c31) Importer(815301076,1909f56bfc062723c751e8b465ee728b)  -> (artifact id: '5743eb15b11c4e52c42d101ba33da3a2') in 0.017918 seconds 
========================================================================
Received Import Request.
  Time since last request: 0.000391 seconds.
  path: Assets/sprites/Upgrade Canvas/Side Effect up/UpgradeButton_SideEffect.png
  artifactKey: Guid(e06ae7bf69000ed4da9f4abf2405cda9) Importer(815301076,1909f56bfc062723c751e8b465ee728b)
Start importing Assets/sprites/Upgrade Canvas/Side Effect up/UpgradeButton_SideEffect.png using Guid(e06ae7bf69000ed4da9f4abf2405cda9) Importer(815301076,1909f56bfc062723c751e8b465ee728b)  -> (artifact id: 'a7e7aaaf0993ef0759d3d88f130a2628') in 0.017043 seconds 
========================================================================
Received Import Request.
  Time since last request: 0.000456 seconds.
  path: Assets/sprites/Upgrade Canvas/MasterFreezeEffect.png
  artifactKey: Guid(db0854e5ae4072b469ea682b3a757b9d) Importer(815301076,1909f56bfc062723c751e8b465ee728b)
Start importing Assets/sprites/Upgrade Canvas/MasterFreezeEffect.png using Guid(db0854e5ae4072b469ea682b3a757b9d) Importer(815301076,1909f56bfc062723c751e8b465ee728b)  -> (artifact id: 'ea2acef7d4faf708a5d1d0298cbaa7b1') in 0.022773 seconds 
========================================================================
Received Import Request.
  Time since last request: 0.000321 seconds.
  path: Assets/images/GraphicsMaterial/ScreenShots/v1.0/selecionados/ResolutionDialog2.png
  artifactKey: Guid(2d28b1da6989b4a0199bc09a8a232393) Importer(815301076,1909f56bfc062723c751e8b465ee728b)
Start importing Assets/images/GraphicsMaterial/ScreenShots/v1.0/selecionados/ResolutionDialog2.png using Guid(2d28b1da6989b4a0199bc09a8a232393) Importer(815301076,1909f56bfc062723c751e8b465ee728b)  -> (artifact id: '816e2087bbebb9dbd3557c5ba8279abd') in 0.015804 seconds 
========================================================================
Received Import Request.
  Time since last request: 0.000373 seconds.
  path: Assets/sprites/Upgrade Canvas/Range grow/UpgradeButton_Range.png
  artifactKey: Guid(72fbe7f312f0863439bce75d2feee6a0) Importer(815301076,1909f56bfc062723c751e8b465ee728b)
Start importing Assets/sprites/Upgrade Canvas/Range grow/UpgradeButton_Range.png using Guid(72fbe7f312f0863439bce75d2feee6a0) Importer(815301076,1909f56bfc062723c751e8b465ee728b)  -> (artifact id: '8ec067795751ba9e1c3141086fb2b425') in 0.013785 seconds 
========================================================================
Received Import Request.
  Time since last request: 556.946561 seconds.
  path: Assets/prefab/AudioManager/AudioManager.prefab
  artifactKey: Guid(29d749ee6243b4c488f4ff171f361ea5) Importer(815301076,1909f56bfc062723c751e8b465ee728b)
Start importing Assets/prefab/AudioManager/AudioManager.prefab using Guid(29d749ee6243b4c488f4ff171f361ea5) Importer(815301076,1909f56bfc062723c751e8b465ee728b)  -> (artifact id: '4222661af61474d2acf1e5b70842207a') in 0.030298 seconds 
========================================================================
Received Import Request.
  Time since last request: 0.000864 seconds.
  path: Assets/models/WitchFinal.blend
  artifactKey: Guid(e5cec9c8c149f7047a5443525c069796) Importer(815301076,1909f56bfc062723c751e8b465ee728b)
Start importing Assets/models/WitchFinal.blend using Guid(e5cec9c8c149f7047a5443525c069796) Importer(815301076,1909f56bfc062723c751e8b465ee728b)  -> (artifact id: 'c94ee0277d76a130167a64cc8ea4f42a') in 0.599886 seconds 
========================================================================
Received Import Request.
  Time since last request: 0.000813 seconds.
  path: Assets/TextMesh Pro/Resources/Style Sheets/Default Style Sheet.asset
  artifactKey: Guid(f952c082cb03451daed3ee968ac6c63e) Importer(815301076,1909f56bfc062723c751e8b465ee728b)
Start importing Assets/TextMesh Pro/Resources/Style Sheets/Default Style Sheet.asset using Guid(f952c082cb03451daed3ee968ac6c63e) Importer(815301076,1909f56bfc062723c751e8b465ee728b)  -> (artifact id: 'fe7d18d05c5cb4771e20e1f22d6e6f31') in 0.014401 seconds 
========================================================================
Received Import Request.
  Time since last request: 0.000660 seconds.
  path: Assets/prefab/Canvas/PauseCanvas.prefab
  artifactKey: Guid(74f4d1f54da024845bcab1fd08899c37) Importer(815301076,1909f56bfc062723c751e8b465ee728b)
Start importing Assets/prefab/Canvas/PauseCanvas.prefab using Guid(74f4d1f54da024845bcab1fd08899c37) Importer(815301076,1909f56bfc062723c751e8b465ee728b)  -> (artifact id: 'd13adb6859105e8dfd680fa9527605ff') in 0.032071 seconds 
========================================================================
Received Import Request.
  Time since last request: 0.000582 seconds.
  path: Assets/audio/music/wav/Game scene - Variao Flauta Flautim.wav
  artifactKey: Guid(f752becba7e70fd4fb1621fc78a79f21) Importer(815301076,1909f56bfc062723c751e8b465ee728b)
Start importing Assets/audio/music/wav/Game scene - Variao Flauta Flautim.wav using Guid(f752becba7e70fd4fb1621fc78a79f21) Importer(815301076,1909f56bfc062723c751e8b465ee728b)  -> (artifact id: 'e355ad8365fc9f73644caad69a7dc26f') in 0.273926 seconds 
========================================================================
Received Import Request.
  Time since last request: 2.836825 seconds.
  path: Assets/scripts/AudioManager.cs
  artifactKey: Guid(c6b8202ca72ba4200a51ac70acf44d2f) Importer(815301076,1909f56bfc062723c751e8b465ee728b)
Start importing Assets/scripts/AudioManager.cs using Guid(c6b8202ca72ba4200a51ac70acf44d2f) Importer(815301076,1909f56bfc062723c751e8b465ee728b)  -> (artifact id: '597c39002665ea32a5b9bc93ba454286') in 0.002500 seconds 
========================================================================
Received Import Request.
  Time since last request: 39.699705 seconds.
  path: Assets/scripts/MainMenuAudio.cs
  artifactKey: Guid(e0ac3d9b2c0484635a03d9e2bdd443b6) Importer(815301076,1909f56bfc062723c751e8b465ee728b)
Start importing Assets/scripts/MainMenuAudio.cs using Guid(e0ac3d9b2c0484635a03d9e2bdd443b6) Importer(815301076,1909f56bfc062723c751e8b465ee728b)  -> (artifact id: '55246b99d42a17a21a89611793f443c9') in 0.004482 seconds 
========================================================================
Received Import Request.
  Time since last request: 0.755207 seconds.
  path: Assets/scripts/AudioRecorder.cs
  artifactKey: Guid(1f993cbe253a7004eb2c659247555094) Importer(815301076,1909f56bfc062723c751e8b465ee728b)
Start importing Assets/scripts/AudioRecorder.cs using Guid(1f993cbe253a7004eb2c659247555094) Importer(815301076,1909f56bfc062723c751e8b465ee728b)  -> (artifact id: 'cf1d48429961560bc080314186203e51') in 0.003650 seconds 
========================================================================
Received Import Request.
  Time since last request: 260.271111 seconds.
  path: Assets/audio/music/mp3
  artifactKey: Guid(3d0e4db766ef742d491a451daa4b8797) Importer(815301076,1909f56bfc062723c751e8b465ee728b)
Start importing Assets/audio/music/mp3 using Guid(3d0e4db766ef742d491a451daa4b8797) Importer(815301076,1909f56bfc062723c751e8b465ee728b)  -> (artifact id: 'b8a61cfabe4f23622eae22730c326a0e') in 0.007549 seconds 
========================================================================
Received Import Request.
  Time since last request: 10.749864 seconds.
  path: Assets/audio/EfeitoVoz_02.wav
  artifactKey: Guid(e8ae63928b25ae14f9e76eba2e59fa0f) Importer(815301076,1909f56bfc062723c751e8b465ee728b)
Start importing Assets/audio/EfeitoVoz_02.wav using Guid(e8ae63928b25ae14f9e76eba2e59fa0f) Importer(815301076,1909f56bfc062723c751e8b465ee728b)  -> (artifact id: '97a91ea82584571349504226ead21e45') in 0.012370 seconds 
========================================================================
Received Import Request.
  Time since last request: 0.494481 seconds.
  path: Assets/audio/EfeitoVoz_01.wav
  artifactKey: Guid(3137d43f18f7a9a4cb5bf3af506e01c1) Importer(815301076,1909f56bfc062723c751e8b465ee728b)
Start importing Assets/audio/EfeitoVoz_01.wav using Guid(3137d43f18f7a9a4cb5bf3af506e01c1) Importer(815301076,1909f56bfc062723c751e8b465ee728b)  -> (artifact id: '7086d9d7157d8a97bc1bd56133e0bc58') in 0.038064 seconds 
========================================================================
Received Import Request.
  Time since last request: 7.092191 seconds.
  path: Assets/audio/Mudana de wave_02.wav
  artifactKey: Guid(3a9aa29cb18516b479fe8eec898b44ca) Importer(815301076,1909f56bfc062723c751e8b465ee728b)
Start importing Assets/audio/Mudana de wave_02.wav using Guid(3a9aa29cb18516b479fe8eec898b44ca) Importer(815301076,1909f56bfc062723c751e8b465ee728b)  -> (artifact id: '3b8b85331278e2b244ff4958dceaf485') in 0.011604 seconds 
========================================================================
Received Import Request.
  Time since last request: 4.369427 seconds.
  path: Assets/audio/music
  artifactKey: Guid(c55fff4ffefd24b38bbba57849a7ffec) Importer(815301076,1909f56bfc062723c751e8b465ee728b)
Start importing Assets/audio/music using Guid(c55fff4ffefd24b38bbba57849a7ffec) Importer(815301076,1909f56bfc062723c751e8b465ee728b)  -> (artifact id: '4356e8c3b8d4932d1363166d4ea699a7') in 0.005192 seconds 
========================================================================
Received Import Request.
  Time since last request: 1.872802 seconds.
  path: Assets/audio/MainScene/StartMainScene/StartMain.wav
  artifactKey: Guid(a8c844bfb39cf4ea087247e48e3aa124) Importer(815301076,1909f56bfc062723c751e8b465ee728b)
Start importing Assets/audio/MainScene/StartMainScene/StartMain.wav using Guid(a8c844bfb39cf4ea087247e48e3aa124) Importer(815301076,1909f56bfc062723c751e8b465ee728b)  -> (artifact id: '9c7e86962cb39213293bf862e030885a') in 0.018064 seconds 
========================================================================
Received Import Request.
  Time since last request: 25.395779 seconds.
  path: Assets/audio/MainScene/Interval/IntervalSound.mp3
  artifactKey: Guid(9cfe1e0eb8daf450f95079019df94c73) Importer(815301076,1909f56bfc062723c751e8b465ee728b)
Start importing Assets/audio/MainScene/Interval/IntervalSound.mp3 using Guid(9cfe1e0eb8daf450f95079019df94c73) Importer(815301076,1909f56bfc062723c751e8b465ee728b)  -> (artifact id: 'b45440519a638f34d6c41c7903a3069a') in 0.021599 seconds 
========================================================================
Received Import Request.
  Time since last request: 184.898944 seconds.
  path: Assets/prefab/Canvas/PauseCanvas.prefab
  artifactKey: Guid(74f4d1f54da024845bcab1fd08899c37) Importer(815301076,1909f56bfc062723c751e8b465ee728b)
Start importing Assets/prefab/Canvas/PauseCanvas.prefab using Guid(74f4d1f54da024845bcab1fd08899c37) Importer(815301076,1909f56bfc062723c751e8b465ee728b)  -> (artifact id: '504227212a20c11b6942be448616db94') in 0.019046 seconds 
========================================================================
Received Import Request.
  Time since last request: 381.162283 seconds.
  path: Assets/Fonts/ArchivoNarrow-Bold.ttf
  artifactKey: Guid(9cb82d2bcbf3c9a42a4583418f98ef14) Importer(815301076,1909f56bfc062723c751e8b465ee728b)
Start importing Assets/Fonts/ArchivoNarrow-Bold.ttf using Guid(9cb82d2bcbf3c9a42a4583418f98ef14) Importer(815301076,1909f56bfc062723c751e8b465ee728b)  -> (artifact id: 'f5b9dbadb3f473f0deded0d33461cef1') in 0.055339 seconds 
========================================================================
Received Import Request.
  Time since last request: 0.000305 seconds.
  path: Assets/Fonts/vinque/vinque.ttf
  artifactKey: Guid(16f9d97c141c046d8a9842be2f0eaa66) Importer(815301076,1909f56bfc062723c751e8b465ee728b)
Start importing Assets/Fonts/vinque/vinque.ttf using Guid(16f9d97c141c046d8a9842be2f0eaa66) Importer(815301076,1909f56bfc062723c751e8b465ee728b)  -> (artifact id: 'e9306dbc58bbba901a6a814797e3cfef') in 0.012355 seconds 
========================================================================
Received Import Request.
  Time since last request: 0.000322 seconds.
  path: Assets/Fonts/FjallaOne-Regular.ttf
  artifactKey: Guid(8eb0d81dcbf1b184187d0fdf59317558) Importer(815301076,1909f56bfc062723c751e8b465ee728b)
Start importing Assets/Fonts/FjallaOne-Regular.ttf using Guid(8eb0d81dcbf1b184187d0fdf59317558) Importer(815301076,1909f56bfc062723c751e8b465ee728b)  -> (artifact id: '68e5f1bed44d3ecc50269c2637f7c9df') in 0.011281 seconds 
========================================================================
Received Import Request.
  Time since last request: 0.000327 seconds.
  path: Assets/Fonts/Teko-Bold.ttf
  artifactKey: Guid(cec50e983b137d04a873601647ead9e1) Importer(815301076,1909f56bfc062723c751e8b465ee728b)
Start importing Assets/Fonts/Teko-Bold.ttf using Guid(cec50e983b137d04a873601647ead9e1) Importer(815301076,1909f56bfc062723c751e8b465ee728b)  -> (artifact id: '663a790761a926ac2c368a73097b2453') in 0.011708 seconds 
========================================================================
Received Import Request.
  Time since last request: 0.000362 seconds.
  path: Assets/Fonts/Rust.ttf
  artifactKey: Guid(3596909b72a4ca149ab32629cc5d2b60) Importer(815301076,1909f56bfc062723c751e8b465ee728b)
Start importing Assets/Fonts/Rust.ttf using Guid(3596909b72a4ca149ab32629cc5d2b60) Importer(815301076,1909f56bfc062723c751e8b465ee728b)  -> (artifact id: 'c2c3782d4369d3b258fba2825fd787a3') in 0.013186 seconds 
========================================================================
Received Import Request.
  Time since last request: 0.000324 seconds.
  path: Assets/Fonts/blackchancery/BLKCHCRY.TTF
  artifactKey: Guid(a5bbd4b494fad469b9e3670a5af9ae52) Importer(815301076,1909f56bfc062723c751e8b465ee728b)
Start importing Assets/Fonts/blackchancery/BLKCHCRY.TTF using Guid(a5bbd4b494fad469b9e3670a5af9ae52) Importer(815301076,1909f56bfc062723c751e8b465ee728b)  -> (artifact id: 'd361a2ee101f70e0721defa4183472b3') in 0.013025 seconds 
========================================================================
Received Import Request.
  Time since last request: 0.000387 seconds.
  path: Assets/Fonts/blood-and-blade/bloodandblade_outilne.ttf
  artifactKey: Guid(437abb9c2dd544dda836b3b39fe633ed) Importer(815301076,1909f56bfc062723c751e8b465ee728b)
Start importing Assets/Fonts/blood-and-blade/bloodandblade_outilne.ttf using Guid(437abb9c2dd544dda836b3b39fe633ed) Importer(815301076,1909f56bfc062723c751e8b465ee728b)  -> (artifact id: 'f911e96c0c75dcf9cfe4910a01ba8038') in 0.012831 seconds 
========================================================================
Received Import Request.
  Time since last request: 0.000375 seconds.
  path: Assets/Fonts/onciale-phf/Onciale PhF01.ttf
  artifactKey: Guid(c8b74416519354c2dabdb3d1102a35c9) Importer(815301076,1909f56bfc062723c751e8b465ee728b)
Start importing Assets/Fonts/onciale-phf/Onciale PhF01.ttf using Guid(c8b74416519354c2dabdb3d1102a35c9) Importer(815301076,1909f56bfc062723c751e8b465ee728b)  -> (artifact id: '907bc1ff31e531a771eb86fc8cbd54a7') in 0.012125 seconds 
========================================================================
Received Import Request.
  Time since last request: 0.000360 seconds.
  path: Assets/TextMesh Pro/Fonts/LiberationSans.ttf
  artifactKey: Guid(e3265ab4bf004d28a9537516768c1c75) Importer(815301076,1909f56bfc062723c751e8b465ee728b)
Start importing Assets/TextMesh Pro/Fonts/LiberationSans.ttf using Guid(e3265ab4bf004d28a9537516768c1c75) Importer(815301076,1909f56bfc062723c751e8b465ee728b)  -> (artifact id: 'cec1587b7129bde4b287cc77833a66ca') in 0.016433 seconds 
========================================================================
Received Import Request.
  Time since last request: 0.000343 seconds.
  path: Assets/Fonts/blood-and-blade/bloodandblade.ttf
  artifactKey: Guid(626657032f8d14a24bb7f10ecc5fc9bf) Importer(815301076,1909f56bfc062723c751e8b465ee728b)
Start importing Assets/Fonts/blood-and-blade/bloodandblade.ttf using Guid(626657032f8d14a24bb7f10ecc5fc9bf) Importer(815301076,1909f56bfc062723c751e8b465ee728b)  -> (artifact id: '35202370e71f3d6ef3a81cb403487114') in 0.012534 seconds 
========================================================================
Received Import Request.
  Time since last request: 0.000365 seconds.
  path: Assets/Fonts/moria-citadel/MoriaCitadel.TTF
  artifactKey: Guid(eed251c497d6c46fd8b1365ca5786fae) Importer(815301076,1909f56bfc062723c751e8b465ee728b)
Start importing Assets/Fonts/moria-citadel/MoriaCitadel.TTF using Guid(eed251c497d6c46fd8b1365ca5786fae) Importer(815301076,1909f56bfc062723c751e8b465ee728b)  -> (artifact id: 'b850549af00d16bd8dfa1395978a836b') in 0.012574 seconds 
========================================================================
Received Prepare
Registering precompiled user dll's ...
Registered in 0.006214 seconds.
Begin MonoManager ReloadAssembly
Native extension for WindowsStandalone target not found
Refreshing native plugins compatible for Editor in 1.68 ms, found 2 plugins.
Preloading 0 native plugins for Editor in 0.00 ms.
Mono: successfully reloaded assembly
- Completed reload, in  1.732 seconds
Domain Reload Profiling:
	ReloadAssembly (1733ms)
		BeginReloadAssembly (190ms)
			ExecutionOrderSort (0ms)
			DisableScriptedObjects (9ms)
			BackupInstance (0ms)
			ReleaseScriptingObjects (0ms)
			CreateAndSetChildDomain (57ms)
		EndReloadAssembly (1446ms)
			LoadAssemblies (157ms)
			RebuildTransferFunctionScriptingTraits (0ms)
			SetupTypeCache (416ms)
			ReleaseScriptCaches (1ms)
			RebuildScriptCaches (62ms)
			SetupLoadedEditorAssemblies (667ms)
				LogAssemblyErrors (0ms)
				InitializePlatformSupportModulesInManaged (10ms)
				SetLoadedEditorAssemblies (1ms)
				RefreshPlugins (2ms)
				BeforeProcessingInitializeOnLoad (132ms)
				ProcessInitializeOnLoadAttributes (434ms)
				ProcessInitializeOnLoadMethodAttributes (75ms)
				AfterProcessingInitializeOnLoad (13ms)
				EditorAssembliesLoaded (0ms)
			ExecutionOrderSort2 (0ms)
			AwakeInstancesAfterBackupRestoration (11ms)
Platform modules already initialized, skipping
Refreshing native plugins compatible for Editor in 1.08 ms, found 2 plugins.
Preloading 0 native plugins for Editor in 0.00 ms.
Unloading 2315 Unused Serialized files (Serialized files now loaded: 0)
System memory in use before: 100.3 MB.
System memory in use after: 100.5 MB.

Unloading 52 unused Assets to reduce memory usage. Loaded Objects now: 2864.
Total: 8.597300 ms (FindLiveObjects: 0.246600 ms CreateObjectMapping: 0.147800 ms MarkObjects: 8.144600 ms  DeleteObjects: 0.057100 ms)

AssetImportParameters requested are different than current active one (requested -> active):
  custom:framework-win-MediaFoundation: 216162199b28c13a410421893ffa2e32 -> 
  custom:video-decoder-ogg-theora: a1e56fd34408186e4bbccfd4996cb3dc -> 
  custom:container-muxer-webm: aa71ff27fc2769a1b78a27578f13a17b -> 
  custom:container-demuxer-webm: 4f35f7cbe854078d1ac9338744f61a02 -> 
  custom:container-demuxer-ogg: 62fdf1f143b41e24485cea50d1cbac27 -> 
  custom:video-encoder-webm-vp8: eb34c28f22e8b96e1ab97ce403110664 -> 
  custom:video-decoder-webm-vp8: 9c59270c3fd7afecdb556c50c9e8de78 -> 
  custom:audio-decoder-ogg-vorbis: bf7c407c2cedff20999df2af8eb42d56 -> 
  custom:audio-encoder-webm-vorbis: bf7c407c2cedff20999df2af8eb42d56 -> 
========================================================================
Received Prepare
Registering precompiled user dll's ...
Registered in 0.007732 seconds.
Begin MonoManager ReloadAssembly
Native extension for WindowsStandalone target not found
Refreshing native plugins compatible for Editor in 0.97 ms, found 2 plugins.
Preloading 0 native plugins for Editor in 0.00 ms.
Mono: successfully reloaded assembly
- Completed reload, in  1.557 seconds
Domain Reload Profiling:
	ReloadAssembly (1558ms)
		BeginReloadAssembly (171ms)
			ExecutionOrderSort (0ms)
			DisableScriptedObjects (9ms)
			BackupInstance (0ms)
			ReleaseScriptingObjects (0ms)
			CreateAndSetChildDomain (45ms)
		EndReloadAssembly (1284ms)
			LoadAssemblies (171ms)
			RebuildTransferFunctionScriptingTraits (0ms)
			SetupTypeCache (479ms)
			ReleaseScriptCaches (1ms)
			RebuildScriptCaches (60ms)
			SetupLoadedEditorAssemblies (443ms)
				LogAssemblyErrors (0ms)
				InitializePlatformSupportModulesInManaged (6ms)
				SetLoadedEditorAssemblies (1ms)
				RefreshPlugins (1ms)
				BeforeProcessingInitializeOnLoad (114ms)
				ProcessInitializeOnLoadAttributes (254ms)
				ProcessInitializeOnLoadMethodAttributes (47ms)
				AfterProcessingInitializeOnLoad (21ms)
				EditorAssembliesLoaded (0ms)
			ExecutionOrderSort2 (0ms)
			AwakeInstancesAfterBackupRestoration (9ms)
Platform modules already initialized, skipping
Refreshing native plugins compatible for Editor in 0.93 ms, found 2 plugins.
Preloading 0 native plugins for Editor in 0.00 ms.
Unloading 2315 Unused Serialized files (Serialized files now loaded: 0)
System memory in use before: 100.3 MB.
System memory in use after: 100.5 MB.

Unloading 46 unused Assets to reduce memory usage. Loaded Objects now: 2866.
Total: 7.578400 ms (FindLiveObjects: 0.223200 ms CreateObjectMapping: 0.112800 ms MarkObjects: 7.210300 ms  DeleteObjects: 0.030900 ms)

AssetImportParameters requested are different than current active one (requested -> active):
  custom:framework-win-MediaFoundation: 216162199b28c13a410421893ffa2e32 -> 
  custom:video-decoder-ogg-theora: a1e56fd34408186e4bbccfd4996cb3dc -> 
  custom:container-muxer-webm: aa71ff27fc2769a1b78a27578f13a17b -> 
  custom:container-demuxer-webm: 4f35f7cbe854078d1ac9338744f61a02 -> 
  custom:container-demuxer-ogg: 62fdf1f143b41e24485cea50d1cbac27 -> 
  custom:video-encoder-webm-vp8: eb34c28f22e8b96e1ab97ce403110664 -> 
  custom:video-decoder-webm-vp8: 9c59270c3fd7afecdb556c50c9e8de78 -> 
  custom:audio-decoder-ogg-vorbis: bf7c407c2cedff20999df2af8eb42d56 -> 
  custom:audio-encoder-webm-vorbis: bf7c407c2cedff20999df2af8eb42d56 -> 
========================================================================
Received Prepare
Registering precompiled user dll's ...
Registered in 0.005728 seconds.
Begin MonoManager ReloadAssembly
Native extension for WindowsStandalone target not found
Refreshing native plugins compatible for Editor in 0.92 ms, found 2 plugins.
Preloading 0 native plugins for Editor in 0.00 ms.
Mono: successfully reloaded assembly
- Completed reload, in  1.353 seconds
Domain Reload Profiling:
	ReloadAssembly (1354ms)
		BeginReloadAssembly (134ms)
			ExecutionOrderSort (0ms)
			DisableScriptedObjects (7ms)
			BackupInstance (0ms)
			ReleaseScriptingObjects (0ms)
			CreateAndSetChildDomain (36ms)
		EndReloadAssembly (1142ms)
			LoadAssemblies (141ms)
			RebuildTransferFunctionScriptingTraits (0ms)
			SetupTypeCache (360ms)
			ReleaseScriptCaches (1ms)
			RebuildScriptCaches (48ms)
			SetupLoadedEditorAssemblies (469ms)
				LogAssemblyErrors (0ms)
				InitializePlatformSupportModulesInManaged (5ms)
				SetLoadedEditorAssemblies (1ms)
				RefreshPlugins (1ms)
				BeforeProcessingInitializeOnLoad (116ms)
				ProcessInitializeOnLoadAttributes (285ms)
				ProcessInitializeOnLoadMethodAttributes (51ms)
				AfterProcessingInitializeOnLoad (10ms)
				EditorAssembliesLoaded (0ms)
			ExecutionOrderSort2 (0ms)
			AwakeInstancesAfterBackupRestoration (9ms)
Platform modules already initialized, skipping
Refreshing native plugins compatible for Editor in 0.87 ms, found 2 plugins.
Preloading 0 native plugins for Editor in 0.00 ms.
Unloading 2315 Unused Serialized files (Serialized files now loaded: 0)
System memory in use before: 100.3 MB.
System memory in use after: 100.5 MB.

Unloading 46 unused Assets to reduce memory usage. Loaded Objects now: 2868.
Total: 6.918800 ms (FindLiveObjects: 0.193900 ms CreateObjectMapping: 0.112000 ms MarkObjects: 6.582400 ms  DeleteObjects: 0.029600 ms)

AssetImportParameters requested are different than current active one (requested -> active):
  custom:framework-win-MediaFoundation: 216162199b28c13a410421893ffa2e32 -> 
  custom:video-decoder-ogg-theora: a1e56fd34408186e4bbccfd4996cb3dc -> 
  custom:container-muxer-webm: aa71ff27fc2769a1b78a27578f13a17b -> 
  custom:container-demuxer-webm: 4f35f7cbe854078d1ac9338744f61a02 -> 
  custom:container-demuxer-ogg: 62fdf1f143b41e24485cea50d1cbac27 -> 
  custom:video-encoder-webm-vp8: eb34c28f22e8b96e1ab97ce403110664 -> 
  custom:video-decoder-webm-vp8: 9c59270c3fd7afecdb556c50c9e8de78 -> 
  custom:audio-decoder-ogg-vorbis: bf7c407c2cedff20999df2af8eb42d56 -> 
  custom:audio-encoder-webm-vorbis: bf7c407c2cedff20999df2af8eb42d56 -> 
========================================================================
Received Prepare
Registering precompiled user dll's ...
Registered in 0.005812 seconds.
Begin MonoManager ReloadAssembly
Native extension for WindowsStandalone target not found
Refreshing native plugins compatible for Editor in 0.97 ms, found 2 plugins.
Preloading 0 native plugins for Editor in 0.00 ms.
Mono: successfully reloaded assembly
- Completed reload, in  1.336 seconds
Domain Reload Profiling:
	ReloadAssembly (1336ms)
		BeginReloadAssembly (115ms)
			ExecutionOrderSort (0ms)
			DisableScriptedObjects (5ms)
			BackupInstance (0ms)
			ReleaseScriptingObjects (0ms)
			CreateAndSetChildDomain (30ms)
		EndReloadAssembly (1131ms)
			LoadAssemblies (154ms)
			RebuildTransferFunctionScriptingTraits (0ms)
			SetupTypeCache (304ms)
			ReleaseScriptCaches (1ms)
			RebuildScriptCaches (54ms)
			SetupLoadedEditorAssemblies (482ms)
				LogAssemblyErrors (0ms)
				InitializePlatformSupportModulesInManaged (5ms)
				SetLoadedEditorAssemblies (1ms)
				RefreshPlugins (1ms)
				BeforeProcessingInitializeOnLoad (125ms)
				ProcessInitializeOnLoadAttributes (284ms)
				ProcessInitializeOnLoadMethodAttributes (55ms)
				AfterProcessingInitializeOnLoad (11ms)
				EditorAssembliesLoaded (0ms)
			ExecutionOrderSort2 (0ms)
			AwakeInstancesAfterBackupRestoration (10ms)
Platform modules already initialized, skipping
Refreshing native plugins compatible for Editor in 1.02 ms, found 2 plugins.
Preloading 0 native plugins for Editor in 0.00 ms.
Unloading 2315 Unused Serialized files (Serialized files now loaded: 0)
System memory in use before: 100.2 MB.
System memory in use after: 100.4 MB.

Unloading 46 unused Assets to reduce memory usage. Loaded Objects now: 2870.
Total: 8.136200 ms (FindLiveObjects: 0.240100 ms CreateObjectMapping: 0.139700 ms MarkObjects: 7.718500 ms  DeleteObjects: 0.036700 ms)

AssetImportParameters requested are different than current active one (requested -> active):
  custom:framework-win-MediaFoundation: 216162199b28c13a410421893ffa2e32 -> 
  custom:video-decoder-ogg-theora: a1e56fd34408186e4bbccfd4996cb3dc -> 
  custom:container-muxer-webm: aa71ff27fc2769a1b78a27578f13a17b -> 
  custom:container-demuxer-webm: 4f35f7cbe854078d1ac9338744f61a02 -> 
  custom:container-demuxer-ogg: 62fdf1f143b41e24485cea50d1cbac27 -> 
  custom:video-encoder-webm-vp8: eb34c28f22e8b96e1ab97ce403110664 -> 
  custom:video-decoder-webm-vp8: 9c59270c3fd7afecdb556c50c9e8de78 -> 
  custom:audio-decoder-ogg-vorbis: bf7c407c2cedff20999df2af8eb42d56 -> 
  custom:audio-encoder-webm-vorbis: bf7c407c2cedff20999df2af8eb42d56 -> 
========================================================================
Received Prepare
Registering precompiled user dll's ...
Registered in 0.005743 seconds.
Begin MonoManager ReloadAssembly
Native extension for WindowsStandalone target not found
Refreshing native plugins compatible for Editor in 0.81 ms, found 2 plugins.
Preloading 0 native plugins for Editor in 0.00 ms.
Mono: successfully reloaded assembly
- Completed reload, in  1.194 seconds
Domain Reload Profiling:
	ReloadAssembly (1194ms)
		BeginReloadAssembly (138ms)
			ExecutionOrderSort (0ms)
			DisableScriptedObjects (7ms)
			BackupInstance (0ms)
			ReleaseScriptingObjects (0ms)
			CreateAndSetChildDomain (34ms)
		EndReloadAssembly (981ms)
			LoadAssemblies (135ms)
			RebuildTransferFunctionScriptingTraits (0ms)
			SetupTypeCache (331ms)
			ReleaseScriptCaches (1ms)
			RebuildScriptCaches (42ms)
			SetupLoadedEditorAssemblies (382ms)
				LogAssemblyErrors (0ms)
				InitializePlatformSupportModulesInManaged (5ms)
				SetLoadedEditorAssemblies (1ms)
				RefreshPlugins (1ms)
				BeforeProcessingInitializeOnLoad (92ms)
				ProcessInitializeOnLoadAttributes (234ms)
				ProcessInitializeOnLoadMethodAttributes (41ms)
				AfterProcessingInitializeOnLoad (8ms)
				EditorAssembliesLoaded (0ms)
			ExecutionOrderSort2 (0ms)
			AwakeInstancesAfterBackupRestoration (7ms)
Platform modules already initialized, skipping
Refreshing native plugins compatible for Editor in 0.80 ms, found 2 plugins.
Preloading 0 native plugins for Editor in 0.00 ms.
Unloading 2315 Unused Serialized files (Serialized files now loaded: 0)
System memory in use before: 100.3 MB.
System memory in use after: 100.5 MB.

Unloading 46 unused Assets to reduce memory usage. Loaded Objects now: 2872.
Total: 6.675800 ms (FindLiveObjects: 0.202300 ms CreateObjectMapping: 0.093600 ms MarkObjects: 6.353300 ms  DeleteObjects: 0.025900 ms)

AssetImportParameters requested are different than current active one (requested -> active):
  custom:framework-win-MediaFoundation: 216162199b28c13a410421893ffa2e32 -> 
  custom:video-decoder-ogg-theora: a1e56fd34408186e4bbccfd4996cb3dc -> 
  custom:container-muxer-webm: aa71ff27fc2769a1b78a27578f13a17b -> 
  custom:container-demuxer-webm: 4f35f7cbe854078d1ac9338744f61a02 -> 
  custom:container-demuxer-ogg: 62fdf1f143b41e24485cea50d1cbac27 -> 
  custom:video-encoder-webm-vp8: eb34c28f22e8b96e1ab97ce403110664 -> 
  custom:video-decoder-webm-vp8: 9c59270c3fd7afecdb556c50c9e8de78 -> 
  custom:audio-decoder-ogg-vorbis: bf7c407c2cedff20999df2af8eb42d56 -> 
  custom:audio-encoder-webm-vorbis: bf7c407c2cedff20999df2af8eb42d56 -> 
========================================================================
Received Import Request.
  Time since last request: 474.569490 seconds.
  path: Assets/prefab/Canvas/hpText.prefab
  artifactKey: Guid(1dd6ea2ac31142d47bf8cb7155691749) Importer(815301076,1909f56bfc062723c751e8b465ee728b)
Start importing Assets/prefab/Canvas/hpText.prefab using Guid(1dd6ea2ac31142d47bf8cb7155691749) Importer(815301076,1909f56bfc062723c751e8b465ee728b)  -> (artifact id: '390eaae1ac730951988a3d12f040470c') in 0.038450 seconds 
========================================================================
Received Import Request.
  Time since last request: 0.877743 seconds.
  path: Assets/prefab/Canvas/PauseCanvas.prefab
  artifactKey: Guid(74f4d1f54da024845bcab1fd08899c37) Importer(815301076,1909f56bfc062723c751e8b465ee728b)
Start importing Assets/prefab/Canvas/PauseCanvas.prefab using Guid(74f4d1f54da024845bcab1fd08899c37) Importer(815301076,1909f56bfc062723c751e8b465ee728b)  -> (artifact id: '8298ceccf05433001ef52d87a9aebffa') in 0.022568 seconds 
========================================================================
Received Import Request.
  Time since last request: 18.943083 seconds.
  path: Assets/prefab/Canvas/EventSystem.prefab
  artifactKey: Guid(e12ef3d10825644249730dcb14d8fa60) Importer(815301076,1909f56bfc062723c751e8b465ee728b)
Start importing Assets/prefab/Canvas/EventSystem.prefab using Guid(e12ef3d10825644249730dcb14d8fa60) Importer(815301076,1909f56bfc062723c751e8b465ee728b)  -> (artifact id: 'bf38c51ba38fad2879aeffc5f521aba5') in 0.007596 seconds 
========================================================================
Received Prepare
Registering precompiled user dll's ...
Registered in 0.004704 seconds.
Begin MonoManager ReloadAssembly
Native extension for WindowsStandalone target not found
Refreshing native plugins compatible for Editor in 0.73 ms, found 2 plugins.
Preloading 0 native plugins for Editor in 0.00 ms.
Mono: successfully reloaded assembly
- Completed reload, in  1.043 seconds
Domain Reload Profiling:
	ReloadAssembly (1043ms)
		BeginReloadAssembly (117ms)
			ExecutionOrderSort (0ms)
			DisableScriptedObjects (6ms)
			BackupInstance (0ms)
			ReleaseScriptingObjects (0ms)
			CreateAndSetChildDomain (32ms)
		EndReloadAssembly (858ms)
			LoadAssemblies (102ms)
			RebuildTransferFunctionScriptingTraits (0ms)
			SetupTypeCache (291ms)
			ReleaseScriptCaches (1ms)
			RebuildScriptCaches (39ms)
			SetupLoadedEditorAssemblies (336ms)
				LogAssemblyErrors (0ms)
				InitializePlatformSupportModulesInManaged (4ms)
				SetLoadedEditorAssemblies (0ms)
				RefreshPlugins (1ms)
				BeforeProcessingInitializeOnLoad (81ms)
				ProcessInitializeOnLoadAttributes (204ms)
				ProcessInitializeOnLoadMethodAttributes (37ms)
				AfterProcessingInitializeOnLoad (7ms)
				EditorAssembliesLoaded (0ms)
			ExecutionOrderSort2 (0ms)
			AwakeInstancesAfterBackupRestoration (6ms)
Platform modules already initialized, skipping
Refreshing native plugins compatible for Editor in 0.77 ms, found 2 plugins.
Preloading 0 native plugins for Editor in 0.00 ms.
Unloading 2315 Unused Serialized files (Serialized files now loaded: 0)
System memory in use before: 100.3 MB.
System memory in use after: 100.5 MB.

Unloading 50 unused Assets to reduce memory usage. Loaded Objects now: 2874.
Total: 5.761100 ms (FindLiveObjects: 0.183800 ms CreateObjectMapping: 0.094300 ms MarkObjects: 5.443300 ms  DeleteObjects: 0.038900 ms)

AssetImportParameters requested are different than current active one (requested -> active):
  custom:framework-win-MediaFoundation: 216162199b28c13a410421893ffa2e32 -> 
  custom:video-decoder-ogg-theora: a1e56fd34408186e4bbccfd4996cb3dc -> 
  custom:container-muxer-webm: aa71ff27fc2769a1b78a27578f13a17b -> 
  custom:container-demuxer-webm: 4f35f7cbe854078d1ac9338744f61a02 -> 
  custom:container-demuxer-ogg: 62fdf1f143b41e24485cea50d1cbac27 -> 
  custom:video-encoder-webm-vp8: eb34c28f22e8b96e1ab97ce403110664 -> 
  custom:video-decoder-webm-vp8: 9c59270c3fd7afecdb556c50c9e8de78 -> 
  custom:audio-decoder-ogg-vorbis: bf7c407c2cedff20999df2af8eb42d56 -> 
  custom:audio-encoder-webm-vorbis: bf7c407c2cedff20999df2af8eb42d56 -> 
